
 /----------------------------------------------------------------------------\
 |  yosys -- Yosys Open SYnthesis Suite                                       |
 |  Copyright (C) 2012 - 2026  Claire Xenia Wolf <claire@yosyshq.com>         |
 |  Distributed under an ISC-like license, type "license" to see terms        |
 \----------------------------------------------------------------------------/
 Yosys 0.67+31 (git sha1 22c15a7ec-dirty, Release, Clang /usr/local/osxcross/target/bin/aarch64-apple-darwin23.5-clang++ 18.1.8)

-- Executing script file `design_smt2.ys' --

1. Executing RTLIL frontend.
Input filename: design_prep.il

2. Executing HIERARCHY pass (managing design hierarchy).
Attribute `top' found on module `axi4lite_formal'. Setting top module to axi4lite_formal.

2.1. Analyzing design hierarchy..
Top module:  \axi4lite_formal
Used module:     \axi4lite_regs
Used module:     \axi4lite_properties

2.2. Analyzing design hierarchy..
Top module:  \axi4lite_formal
Used module:     \axi4lite_regs
Used module:     \axi4lite_properties
Removed 0 unused modules.
Module axi4lite_formal directly or indirectly contains formal properties -> setting "keep" attribute.
Module axi4lite_properties directly or indirectly contains formal properties -> setting "keep" attribute.

3. Executing FORMALFF pass.

4. Executing DFFUNMAP pass (unmap clock enable and synchronous reset from FFs).

5. Printing statistics.

=== axi4lite_formal ===

        +----------Local Count, excluding submodules.
        | 
       47 wires
      120 wire bits
       21 public wires
       94 public wire bits
       42 cells
        3   $and
        1   $anyinit
       10   $anyseq
        2   $assert
        2   $assume
        1   $eqx
       12   $ff
        1   $logic_and
        5   $logic_not
        5   $mux
        2 submodules
        1   axi4lite_properties
        1   axi4lite_regs

=== axi4lite_properties ===

        +----------Local Count, excluding submodules.
        | 
      126 wires
      491 wire bits
       33 public wires
      179 public wire bits
       19 ports
       92 port bits
      106 cells
        5   $and
       13   $anyinit
        5   $assert
        7   $assume
        7   $eq
        1   $eqx
       33   $ff
        6   $logic_and
        5   $logic_not
       24   $mux

=== axi4lite_regs ===

        +----------Local Count, excluding submodules.
        | 
      160 wires
     1415 wire bits
       28 public wires
      262 public wire bits
       19 ports
       92 port bits
      161 cells
       14   $anyinit
        6   $eq
        1   $eqx
       15   $ff
       12   $logic_and
        6   $logic_not
      104   $mux
        1   $pmux
        2   $reduce_or

=== design hierarchy ===

        +----------Count including submodules.
        | 
      309 axi4lite_formal
      106 axi4lite_properties
      161 axi4lite_regs

        +----------Count including submodules.
        | 
      333 wires
     2026 wire bits
       82 public wires
      535 public wire bits
       38 ports
      184 port bits
        - memories
        - memory bits
        - processes
      309 cells
        8   $and
       28   $anyinit
       10   $anyseq
        7   $assert
        9   $assume
       13   $eq
        3   $eqx
       60   $ff
       19   $logic_and
       16   $logic_not
      133   $mux
        1   $pmux
        2   $reduce_or
        2 submodules
        1   axi4lite_properties
        1   axi4lite_regs

6. Executing SMT2 backend.

6.1. Executing BMUXMAP pass.

6.2. Executing DEMUXMAP pass.
Creating SMT-LIBv2 representation of module axi4lite_regs.
Creating SMT-LIBv2 representation of module axi4lite_properties.
Creating SMT-LIBv2 representation of module axi4lite_formal.

End of script. Logfile hash: abdb5cbee8, time: 0.01s, user: 0.01s, system: 0.00s, MEM: 17.27 MB peak
Yosys 0.67+31 (git sha1 22c15a7ec-dirty, Release, Clang /usr/local/osxcross/target/bin/aarch64-apple-darwin23.5-clang++ 18.1.8)
Time spent: 74% 2x write_smt2 (0 sec), 16% 2x read_rtlil (0 sec), ...
