
 /----------------------------------------------------------------------------\
 |  yosys -- Yosys Open SYnthesis Suite                                       |
 |  Copyright (C) 2012 - 2026  Claire Xenia Wolf <claire@yosyshq.com>         |
 |  Distributed under an ISC-like license, type "license" to see terms        |
 \----------------------------------------------------------------------------/
 Yosys 0.67+31 (git sha1 22c15a7ec-dirty, Release, Clang /usr/local/osxcross/target/bin/aarch64-apple-darwin23.5-clang++ 18.1.8)

-- Executing script file `../model/design.ys' --

1. Executing Verilog-2005 frontend: axi4lite_functional.sv
Parsing formal SystemVerilog input from `axi4lite_functional.sv' to AST representation.
Storing AST representation for module `$abstract\axi4lite_functional_properties'.
Successfully finished Verilog frontend.

2. Executing Verilog-2005 frontend: axi4lite_regs.sv
Parsing formal SystemVerilog input from `axi4lite_regs.sv' to AST representation.
Storing AST representation for module `$abstract\axi4lite_regs'.
Successfully finished Verilog frontend.

3. Executing Verilog-2005 frontend: axi4lite_properties.sv
Parsing formal SystemVerilog input from `axi4lite_properties.sv' to AST representation.
Storing AST representation for module `$abstract\axi4lite_properties'.
Successfully finished Verilog frontend.

4. Executing Verilog-2005 frontend: axi4lite_formal.sv
Parsing formal SystemVerilog input from `axi4lite_formal.sv' to AST representation.
Storing AST representation for module `$abstract\axi4lite_formal'.
Successfully finished Verilog frontend.

5. Executing PREP pass.

5.1. Executing HIERARCHY pass (managing design hierarchy).

5.2. Executing AST frontend in derive mode using pre-parsed AST for module `\axi4lite_formal'.
Generating RTLIL representation for module `\axi4lite_formal'.

5.2.1. Analyzing design hierarchy..
Top module:  \axi4lite_formal

5.2.2. Executing AST frontend in derive mode using pre-parsed AST for module `\axi4lite_properties'.
Generating RTLIL representation for module `\axi4lite_properties'.

5.2.3. Executing AST frontend in derive mode using pre-parsed AST for module `\axi4lite_regs'.
Generating RTLIL representation for module `\axi4lite_regs'.

5.2.4. Analyzing design hierarchy..
Top module:  \axi4lite_formal
Used module:     \axi4lite_properties
Used module:     \axi4lite_regs

5.2.5. Executing AST frontend in derive mode using pre-parsed AST for module `\axi4lite_functional_properties'.
Generating RTLIL representation for module `\axi4lite_functional_properties'.

5.2.6. Analyzing design hierarchy..
Top module:  \axi4lite_formal
Used module:     \axi4lite_properties
Used module:     \axi4lite_regs
Used module:         \axi4lite_functional_properties

5.2.7. Analyzing design hierarchy..
Top module:  \axi4lite_formal
Used module:     \axi4lite_properties
Used module:     \axi4lite_regs
Used module:         \axi4lite_functional_properties
Removing unused module `$abstract\axi4lite_formal'.
Removing unused module `$abstract\axi4lite_properties'.
Removing unused module `$abstract\axi4lite_regs'.
Removing unused module `$abstract\axi4lite_functional_properties'.
Removed 4 unused modules.
Module axi4lite_functional_properties directly or indirectly contains formal properties -> setting "keep" attribute.
Module axi4lite_regs directly or indirectly contains formal properties -> setting "keep" attribute.
Module axi4lite_properties directly or indirectly contains formal properties -> setting "keep" attribute.
Module axi4lite_formal directly or indirectly contains formal properties -> setting "keep" attribute.

5.3. Executing PROC pass (convert processes to netlists).

5.3.1. Executing PROC_CLEAN pass (remove empty switches from decision trees).
Cleaned up 0 empty switches.

5.3.2. Executing PROC_RMDEAD pass (remove dead branches from decision trees).
Marked 24 switch rules as full_case in process $proc$axi4lite_functional.sv:104$243 in module axi4lite_functional_properties.
Marked 3 switch rules as full_case in process $proc$axi4lite_regs.sv:256$228 in module axi4lite_regs.
Marked 3 switch rules as full_case in process $proc$axi4lite_regs.sv:147$202 in module axi4lite_regs.
Marked 5 switch rules as full_case in process $proc$axi4lite_properties.sv:79$62 in module axi4lite_properties.
Marked 1 switch rules as full_case in process $proc$axi4lite_formal.sv:90$23 in module axi4lite_formal.
Removed a total of 0 dead cases.

5.3.3. Executing PROC_PRUNE pass (remove redundant assignments in processes).
Removed 1 redundant assignment.
Promoted 71 assignments to connections.

5.3.4. Executing PROC_INIT pass (extract init attributes).
Found init rule in `\axi4lite_functional_properties.$proc$axi4lite_functional.sv:62$412'.
  Set init value: \expected_read_resp = 2'00
Found init rule in `\axi4lite_functional_properties.$proc$axi4lite_functional.sv:61$411'.
  Set init value: \expected_read_data = 0
Found init rule in `\axi4lite_functional_properties.$proc$axi4lite_functional.sv:60$410'.
  Set init value: \expected_read_valid = 1'0
Found init rule in `\axi4lite_functional_properties.$proc$axi4lite_functional.sv:57$409'.
  Set init value: \model_data1 = 0
Found init rule in `\axi4lite_functional_properties.$proc$axi4lite_functional.sv:56$408'.
  Set init value: \model_data0 = 0
Found init rule in `\axi4lite_functional_properties.$proc$axi4lite_functional.sv:55$407'.
  Set init value: \model_status = 0
Found init rule in `\axi4lite_functional_properties.$proc$axi4lite_functional.sv:54$406'.
  Set init value: \model_control = 0
Found init rule in `\axi4lite_functional_properties.$proc$axi4lite_functional.sv:51$405'.
  Set init value: \model_wstrb = 4'0000
Found init rule in `\axi4lite_functional_properties.$proc$axi4lite_functional.sv:50$404'.
  Set init value: \model_wdata = 0
Found init rule in `\axi4lite_functional_properties.$proc$axi4lite_functional.sv:49$403'.
  Set init value: \model_w_pending = 1'0
Found init rule in `\axi4lite_functional_properties.$proc$axi4lite_functional.sv:47$402'.
  Set init value: \model_awaddr = 4'0000
Found init rule in `\axi4lite_functional_properties.$proc$axi4lite_functional.sv:46$401'.
  Set init value: \model_aw_pending = 1'0
Found init rule in `\axi4lite_functional_properties.$proc$axi4lite_functional.sv:37$400'.
  Set init value: \f_past_valid = 1'0
Found init rule in `\axi4lite_properties.$proc$axi4lite_properties.sv:61$193'.
  Set init value: \read_request_open = 1'0
Found init rule in `\axi4lite_properties.$proc$axi4lite_properties.sv:60$192'.
  Set init value: \write_wait_cycle = 1'0
Found init rule in `\axi4lite_properties.$proc$axi4lite_properties.sv:59$191'.
  Set init value: \write_request_open = 1'0
Found init rule in `\axi4lite_properties.$proc$axi4lite_properties.sv:58$190'.
  Set init value: \w_seen = 1'0
Found init rule in `\axi4lite_properties.$proc$axi4lite_properties.sv:57$189'.
  Set init value: \aw_seen = 1'0
Found init rule in `\axi4lite_properties.$proc$axi4lite_properties.sv:36$188'.
  Set init value: \f_past_valid = 1'0
Found init rule in `\axi4lite_formal.$proc$axi4lite_formal.sv:88$38'.
  Set init value: \f_past_valid = 1'0
Found init rule in `\axi4lite_formal.$proc$axi4lite_formal.sv:4$37'.
  Set init value: \aclk = 1'0

5.3.5. Executing PROC_ARST pass (detect async resets in processes).

5.3.6. Executing PROC_ROM pass (convert switches to ROMs).
Converted 0 switches.
<suppressed ~83 debug messages>

5.3.7. Executing PROC_MUX pass (convert decision trees to multiplexers).
Creating decoders for process `\axi4lite_functional_properties.$proc$axi4lite_functional.sv:62$412'.
Creating decoders for process `\axi4lite_functional_properties.$proc$axi4lite_functional.sv:61$411'.
Creating decoders for process `\axi4lite_functional_properties.$proc$axi4lite_functional.sv:60$410'.
Creating decoders for process `\axi4lite_functional_properties.$proc$axi4lite_functional.sv:57$409'.
Creating decoders for process `\axi4lite_functional_properties.$proc$axi4lite_functional.sv:56$408'.
Creating decoders for process `\axi4lite_functional_properties.$proc$axi4lite_functional.sv:55$407'.
Creating decoders for process `\axi4lite_functional_properties.$proc$axi4lite_functional.sv:54$406'.
Creating decoders for process `\axi4lite_functional_properties.$proc$axi4lite_functional.sv:51$405'.
Creating decoders for process `\axi4lite_functional_properties.$proc$axi4lite_functional.sv:50$404'.
Creating decoders for process `\axi4lite_functional_properties.$proc$axi4lite_functional.sv:49$403'.
Creating decoders for process `\axi4lite_functional_properties.$proc$axi4lite_functional.sv:47$402'.
Creating decoders for process `\axi4lite_functional_properties.$proc$axi4lite_functional.sv:46$401'.
Creating decoders for process `\axi4lite_functional_properties.$proc$axi4lite_functional.sv:37$400'.
Creating decoders for process `\axi4lite_functional_properties.$proc$axi4lite_functional.sv:104$243'.
     1/133: $3\address_is_valid$func$axi4lite_functional.sv:235$236.$result[0:0]$375
     2/133: $2\address_is_valid$func$axi4lite_functional.sv:235$236.$result[0:0]$373
     3/133: $2\address_is_valid$func$axi4lite_functional.sv:235$236.address[3:0]$374
     4/133: $3\apply_wstrb$func$axi4lite_functional.sv:173$235.result[31:0]$347 [31:24]
     5/133: $6\apply_wstrb$func$axi4lite_functional.sv:173$235.result[23:16]$363
     6/133: $5\apply_wstrb$func$axi4lite_functional.sv:173$235.result[15:8]$362
     7/133: $4\apply_wstrb$func$axi4lite_functional.sv:173$235.result[7:0]$361
     8/133: $3\apply_wstrb$func$axi4lite_functional.sv:173$235.result[31:0]$347 [23:16]
     9/133: $3\apply_wstrb$func$axi4lite_functional.sv:173$235.result[31:0]$347 [15:8]
    10/133: $3\apply_wstrb$func$axi4lite_functional.sv:173$235.result[31:0]$347 [7:0]
    11/133: $3\apply_wstrb$func$axi4lite_functional.sv:165$234.result[31:0]$341 [31:24]
    12/133: $6\apply_wstrb$func$axi4lite_functional.sv:165$234.result[23:16]$359
    13/133: $5\apply_wstrb$func$axi4lite_functional.sv:165$234.result[15:8]$358
    14/133: $4\apply_wstrb$func$axi4lite_functional.sv:165$234.result[7:0]$357
    15/133: $3\apply_wstrb$func$axi4lite_functional.sv:165$234.result[31:0]$341 [15:8]
    16/133: $3\apply_wstrb$func$axi4lite_functional.sv:165$234.result[31:0]$341 [7:0]
    17/133: $3\apply_wstrb$func$axi4lite_functional.sv:157$233.result[31:0]$335 [31:24]
    18/133: $3\apply_wstrb$func$axi4lite_functional.sv:157$233.result[31:0]$335 [23:16]
    19/133: $6\apply_wstrb$func$axi4lite_functional.sv:157$233.result[23:16]$355
    20/133: $5\apply_wstrb$func$axi4lite_functional.sv:157$233.result[15:8]$354
    21/133: $4\apply_wstrb$func$axi4lite_functional.sv:157$233.result[7:0]$353
    22/133: $3\apply_wstrb$func$axi4lite_functional.sv:157$233.result[31:0]$335 [7:0]
    23/133: $3\apply_wstrb$func$axi4lite_functional.sv:149$232.result[31:0]$329 [31:24]
    24/133: $3\apply_wstrb$func$axi4lite_functional.sv:149$232.result[31:0]$329 [23:16]
    25/133: $3\apply_wstrb$func$axi4lite_functional.sv:149$232.result[31:0]$329 [15:8]
    26/133: $6\apply_wstrb$func$axi4lite_functional.sv:149$232.result[23:16]$351
    27/133: $5\apply_wstrb$func$axi4lite_functional.sv:149$232.result[15:8]$350
    28/133: $4\apply_wstrb$func$axi4lite_functional.sv:149$232.result[7:0]$349
    29/133: $3\apply_wstrb$func$axi4lite_functional.sv:149$232.$result[31:0]$325
    30/133: $3\apply_wstrb$func$axi4lite_functional.sv:149$232.byte_index[31:0]$330
    31/133: $7\apply_wstrb$func$axi4lite_functional.sv:173$235.result[31:24]$364
    32/133: $7\apply_wstrb$func$axi4lite_functional.sv:165$234.result[31:24]$360
    33/133: $7\apply_wstrb$func$axi4lite_functional.sv:157$233.result[31:24]$356
    34/133: $7\apply_wstrb$func$axi4lite_functional.sv:149$232.result[31:24]$352
    35/133: $3\apply_wstrb$func$axi4lite_functional.sv:149$232.strobe[3:0]$328
    36/133: $3\apply_wstrb$func$axi4lite_functional.sv:149$232.new_value[31:0]$327
    37/133: $3\apply_wstrb$func$axi4lite_functional.sv:149$232.old_value[31:0]$326
    38/133: $3\apply_wstrb$func$axi4lite_functional.sv:173$235.byte_index[31:0]$348
    39/133: $3\apply_wstrb$func$axi4lite_functional.sv:165$234.result[31:0]$341 [23:16]
    40/133: $3\apply_wstrb$func$axi4lite_functional.sv:173$235.strobe[3:0]$346
    41/133: $3\apply_wstrb$func$axi4lite_functional.sv:173$235.new_value[31:0]$345
    42/133: $3\apply_wstrb$func$axi4lite_functional.sv:173$235.old_value[31:0]$344
    43/133: $3\apply_wstrb$func$axi4lite_functional.sv:173$235.$result[31:0]$343
    44/133: $3\apply_wstrb$func$axi4lite_functional.sv:165$234.byte_index[31:0]$342
    45/133: $3\apply_wstrb$func$axi4lite_functional.sv:157$233.result[31:0]$335 [15:8]
    46/133: $3\apply_wstrb$func$axi4lite_functional.sv:165$234.strobe[3:0]$340
    47/133: $3\apply_wstrb$func$axi4lite_functional.sv:165$234.new_value[31:0]$339
    48/133: $3\apply_wstrb$func$axi4lite_functional.sv:165$234.old_value[31:0]$338
    49/133: $3\apply_wstrb$func$axi4lite_functional.sv:165$234.$result[31:0]$337
    50/133: $3\apply_wstrb$func$axi4lite_functional.sv:157$233.byte_index[31:0]$336
    51/133: $3\apply_wstrb$func$axi4lite_functional.sv:149$232.result[31:0]$329 [7:0]
    52/133: $3\apply_wstrb$func$axi4lite_functional.sv:157$233.strobe[3:0]$334
    53/133: $3\apply_wstrb$func$axi4lite_functional.sv:157$233.new_value[31:0]$333
    54/133: $3\apply_wstrb$func$axi4lite_functional.sv:157$233.old_value[31:0]$332
    55/133: $3\apply_wstrb$func$axi4lite_functional.sv:157$233.$result[31:0]$331
    56/133: $2\apply_wstrb$func$axi4lite_functional.sv:173$235.byte_index[31:0]$324
    57/133: $2\apply_wstrb$func$axi4lite_functional.sv:173$235.result[31:0]$323
    58/133: $2\apply_wstrb$func$axi4lite_functional.sv:173$235.strobe[3:0]$322
    59/133: $2\apply_wstrb$func$axi4lite_functional.sv:173$235.new_value[31:0]$321
    60/133: $2\apply_wstrb$func$axi4lite_functional.sv:173$235.old_value[31:0]$320
    61/133: $2\apply_wstrb$func$axi4lite_functional.sv:173$235.$result[31:0]$319
    62/133: $2\apply_wstrb$func$axi4lite_functional.sv:165$234.byte_index[31:0]$318
    63/133: $2\apply_wstrb$func$axi4lite_functional.sv:165$234.result[31:0]$317
    64/133: $2\apply_wstrb$func$axi4lite_functional.sv:165$234.strobe[3:0]$316
    65/133: $2\apply_wstrb$func$axi4lite_functional.sv:165$234.new_value[31:0]$315
    66/133: $2\apply_wstrb$func$axi4lite_functional.sv:165$234.old_value[31:0]$314
    67/133: $2\apply_wstrb$func$axi4lite_functional.sv:165$234.$result[31:0]$313
    68/133: $2\apply_wstrb$func$axi4lite_functional.sv:157$233.byte_index[31:0]$312
    69/133: $2\apply_wstrb$func$axi4lite_functional.sv:157$233.result[31:0]$311
    70/133: $2\apply_wstrb$func$axi4lite_functional.sv:157$233.strobe[3:0]$310
    71/133: $2\apply_wstrb$func$axi4lite_functional.sv:157$233.new_value[31:0]$309
    72/133: $2\apply_wstrb$func$axi4lite_functional.sv:157$233.old_value[31:0]$308
    73/133: $2\apply_wstrb$func$axi4lite_functional.sv:157$233.$result[31:0]$307
    74/133: $2\apply_wstrb$func$axi4lite_functional.sv:149$232.byte_index[31:0]$306
    75/133: $2\apply_wstrb$func$axi4lite_functional.sv:149$232.result[31:0]$305
    76/133: $2\apply_wstrb$func$axi4lite_functional.sv:149$232.strobe[3:0]$304
    77/133: $2\apply_wstrb$func$axi4lite_functional.sv:149$232.new_value[31:0]$303
    78/133: $2\apply_wstrb$func$axi4lite_functional.sv:149$232.old_value[31:0]$302
    79/133: $2\apply_wstrb$func$axi4lite_functional.sv:149$232.$result[31:0]$301
    80/133: $1\address_is_valid$func$axi4lite_functional.sv:235$236.address[3:0]$297
    81/133: $1\address_is_valid$func$axi4lite_functional.sv:235$236.$result[0:0]$296
    82/133: $1\apply_wstrb$func$axi4lite_functional.sv:173$235.byte_index[31:0]$295
    83/133: $1\apply_wstrb$func$axi4lite_functional.sv:173$235.result[31:0]$294
    84/133: $1\apply_wstrb$func$axi4lite_functional.sv:173$235.strobe[3:0]$293
    85/133: $1\apply_wstrb$func$axi4lite_functional.sv:173$235.new_value[31:0]$292
    86/133: $1\apply_wstrb$func$axi4lite_functional.sv:173$235.old_value[31:0]$291
    87/133: $1\apply_wstrb$func$axi4lite_functional.sv:173$235.$result[31:0]$290
    88/133: $1\apply_wstrb$func$axi4lite_functional.sv:165$234.byte_index[31:0]$289
    89/133: $1\apply_wstrb$func$axi4lite_functional.sv:165$234.result[31:0]$288
    90/133: $1\apply_wstrb$func$axi4lite_functional.sv:165$234.strobe[3:0]$287
    91/133: $1\apply_wstrb$func$axi4lite_functional.sv:165$234.new_value[31:0]$286
    92/133: $1\apply_wstrb$func$axi4lite_functional.sv:165$234.old_value[31:0]$285
    93/133: $1\apply_wstrb$func$axi4lite_functional.sv:165$234.$result[31:0]$284
    94/133: $1\apply_wstrb$func$axi4lite_functional.sv:157$233.byte_index[31:0]$283
    95/133: $1\apply_wstrb$func$axi4lite_functional.sv:157$233.result[31:0]$282
    96/133: $1\apply_wstrb$func$axi4lite_functional.sv:157$233.strobe[3:0]$281
    97/133: $1\apply_wstrb$func$axi4lite_functional.sv:157$233.new_value[31:0]$280
    98/133: $1\apply_wstrb$func$axi4lite_functional.sv:157$233.old_value[31:0]$279
    99/133: $1\apply_wstrb$func$axi4lite_functional.sv:157$233.$result[31:0]$278
   100/133: $1\apply_wstrb$func$axi4lite_functional.sv:149$232.byte_index[31:0]$277
   101/133: $1\apply_wstrb$func$axi4lite_functional.sv:149$232.result[31:0]$276
   102/133: $1\apply_wstrb$func$axi4lite_functional.sv:149$232.strobe[3:0]$275
   103/133: $1\apply_wstrb$func$axi4lite_functional.sv:149$232.new_value[31:0]$274
   104/133: $1\apply_wstrb$func$axi4lite_functional.sv:149$232.old_value[31:0]$273
   105/133: $1\apply_wstrb$func$axi4lite_functional.sv:149$232.$result[31:0]$272
   106/133: $assert$axi4lite_functional.sv:260$398_EN
   107/133: $assert$axi4lite_functional.sv:259$396_EN
   108/133: $assert$axi4lite_functional.sv:257$394_EN
   109/133: $assert$axi4lite_functional.sv:256$392_EN
   110/133: $assert$axi4lite_functional.sv:255$390_EN
   111/133: $assert$axi4lite_functional.sv:254$388_EN
   112/133: $assert$axi4lite_functional.sv:249$385_EN
   113/133: $assert$axi4lite_functional.sv:245$383_EN
   114/133: $assert$axi4lite_functional.sv:244$381_EN
   115/133: $assert$axi4lite_functional.sv:243$380_EN
   116/133: $assert$axi4lite_functional.sv:238$378_EN
   117/133: $assert$axi4lite_functional.sv:236$376_EN
   118/133: $assert$axi4lite_functional.sv:231$371_EN
   119/133: $assert$axi4lite_functional.sv:230$369_EN
   120/133: $assert$axi4lite_functional.sv:229$367_EN
   121/133: $assert$axi4lite_functional.sv:228$365_EN
   122/133: $0\expected_read_resp[1:0]
   123/133: $0\expected_read_data[31:0]
   124/133: $0\expected_read_valid[0:0]
   125/133: $0\model_data1[31:0]
   126/133: $0\model_data0[31:0]
   127/133: $0\model_status[31:0]
   128/133: $0\model_control[31:0]
   129/133: $0\model_wstrb[3:0]
   130/133: $0\model_wdata[31:0]
   131/133: $0\model_w_pending[0:0]
   132/133: $0\model_awaddr[3:0]
   133/133: $0\model_aw_pending[0:0]
Creating decoders for process `\axi4lite_regs.$proc$axi4lite_regs.sv:256$228'.
     1/3: $0\s_axi_rvalid[0:0]
     2/3: $0\s_axi_rresp[1:0]
     3/3: $0\s_axi_rdata[31:0]
Creating decoders for process `\axi4lite_regs.$proc$axi4lite_regs.sv:147$202'.
     1/35: $0\data1_reg[31:0] [31:24]
     2/35: $0\data1_reg[31:0] [23:16]
     3/35: $0\data1_reg[31:0] [15:8]
     4/35: $0\data1_reg[31:0] [7:0]
     5/35: $0\data0_reg[31:0] [23:16]
     6/35: $0\data0_reg[31:0] [15:8]
     7/35: $0\data0_reg[31:0] [7:0]
     8/35: $0\status_reg[31:0] [23:16]
     9/35: $0\status_reg[31:0] [15:8]
    10/35: $0\status_reg[31:0] [7:0]
    11/35: $0\control_reg[31:0] [23:16]
    12/35: $0\control_reg[31:0] [15:8]
    13/35: $0\control_reg[31:0] [7:0]
    14/35: $3$fordecl_block$8.byte_index[31:0]$224
    15/35: $3$fordecl_block$6.byte_index[31:0]$223
    16/35: $3$fordecl_block$4.byte_index[31:0]$222
    17/35: $2$fordecl_block$8.byte_index[31:0]$220
    18/35: $2$fordecl_block$6.byte_index[31:0]$219
    19/35: $2$fordecl_block$4.byte_index[31:0]$218
    20/35: $2$fordecl_block$2.byte_index[31:0]$217
    21/35: $1$fordecl_block$8.byte_index[31:0]$211
    22/35: $1$fordecl_block$6.byte_index[31:0]$210
    23/35: $1$fordecl_block$4.byte_index[31:0]$209
    24/35: $1$fordecl_block$2.byte_index[31:0]$208
    25/35: $0\wstrb_hold[3:0]
    26/35: $0\wdata_hold[31:0]
    27/35: $0\w_pending[0:0]
    28/35: $0\awaddr_hold[3:0]
    29/35: $0\aw_pending[0:0]
    30/35: $0\data0_reg[31:0] [31:24]
    31/35: $0\status_reg[31:0] [31:24]
    32/35: $0\control_reg[31:0] [31:24]
    33/35: $3$fordecl_block$2.byte_index[31:0]$221
    34/35: $0\s_axi_bvalid[0:0]
    35/35: $0\s_axi_bresp[1:0]
Creating decoders for process `\axi4lite_properties.$proc$axi4lite_properties.sv:61$193'.
Creating decoders for process `\axi4lite_properties.$proc$axi4lite_properties.sv:60$192'.
Creating decoders for process `\axi4lite_properties.$proc$axi4lite_properties.sv:59$191'.
Creating decoders for process `\axi4lite_properties.$proc$axi4lite_properties.sv:58$190'.
Creating decoders for process `\axi4lite_properties.$proc$axi4lite_properties.sv:57$189'.
Creating decoders for process `\axi4lite_properties.$proc$axi4lite_properties.sv:36$188'.
Creating decoders for process `\axi4lite_properties.$proc$axi4lite_properties.sv:79$62'.
     1/54: $cover$axi4lite_properties.sv:305$175_EN
     2/54: $cover$axi4lite_properties.sv:304$172_EN
     3/54: $cover$axi4lite_properties.sv:297$167_EN
     4/54: $cover$axi4lite_properties.sv:294$165_EN
     5/54: $cover$axi4lite_properties.sv:293$163_EN
     6/54: $cover$axi4lite_properties.sv:292$161_EN
     7/54: $cover$axi4lite_properties.sv:289$158_EN
     8/54: $cover$axi4lite_properties.sv:288$155_EN
     9/54: $cover$axi4lite_properties.sv:287$152_EN
    10/54: $cover$axi4lite_properties.sv:286$149_EN
    11/54: $cover$axi4lite_properties.sv:285$146_EN
    12/54: $cover$axi4lite_properties.sv:282$145_EN
    13/54: $cover$axi4lite_properties.sv:281$144_EN
    14/54: $cover$axi4lite_properties.sv:280$143_EN
    15/54: $cover$axi4lite_properties.sv:279$142_EN
    16/54: $cover$axi4lite_properties.sv:278$141_EN
    17/54: $assert$axi4lite_properties.sv:262$137_EN
    18/54: $assert$axi4lite_properties.sv:258$136_EN
    19/54: $assert$axi4lite_properties.sv:254$135_EN
    20/54: $assert$axi4lite_properties.sv:248$133_EN
    21/54: $assert$axi4lite_properties.sv:244$132_EN
    22/54: $assert$axi4lite_properties.sv:236$130_EN
    23/54: $assert$axi4lite_properties.sv:223$128_EN
    24/54: $assert$axi4lite_properties.sv:208$124_EN
    25/54: $assert$axi4lite_properties.sv:204$123_EN
    26/54: $assert$axi4lite_properties.sv:197$121_EN
    27/54: $assert$axi4lite_properties.sv:196$119_EN
    28/54: $assert$axi4lite_properties.sv:191$117_EN
    29/54: $assert$axi4lite_properties.sv:190$115_EN
    30/54: $assert$axi4lite_properties.sv:182$113_EN
    31/54: $assert$axi4lite_properties.sv:176$112_EN
    32/54: $assert$axi4lite_properties.sv:164$110_EN
    33/54: $assert$axi4lite_properties.sv:163$108_EN
    34/54: $assert$axi4lite_properties.sv:159$106_EN
    35/54: $assert$axi4lite_properties.sv:155$104_EN
    36/54: $assert$axi4lite_properties.sv:151$100_EN
    37/54: $assert$axi4lite_properties.sv:148$97_EN
    38/54: $assert$axi4lite_properties.sv:136$95_EN
    39/54: $assert$axi4lite_properties.sv:135$93_EN
    40/54: $assert$axi4lite_properties.sv:134$92_EN
    41/54: $assert$axi4lite_properties.sv:129$90_EN
    42/54: $assert$axi4lite_properties.sv:128$89_EN
    43/54: $assume$axi4lite_properties.sv:117$87_EN
    44/54: $assume$axi4lite_properties.sv:116$86_EN
    45/54: $assume$axi4lite_properties.sv:111$84_EN
    46/54: $assume$axi4lite_properties.sv:110$82_EN
    47/54: $assume$axi4lite_properties.sv:109$81_EN
    48/54: $assume$axi4lite_properties.sv:104$79_EN
    49/54: $assume$axi4lite_properties.sv:103$78_EN
    50/54: $0\read_request_open[0:0]
    51/54: $0\write_wait_cycle[0:0]
    52/54: $0\write_request_open[0:0]
    53/54: $0\w_seen[0:0]
    54/54: $0\aw_seen[0:0]
Creating decoders for process `\axi4lite_formal.$proc$axi4lite_formal.sv:88$38'.
Creating decoders for process `\axi4lite_formal.$proc$axi4lite_formal.sv:4$37'.
Creating decoders for process `\axi4lite_formal.$proc$axi4lite_formal.sv:90$23'.
     1/4: $assert$axi4lite_formal.sv:102$33_EN
     2/4: $assert$axi4lite_formal.sv:101$31_EN
     3/4: $assume$axi4lite_formal.sv:97$28_EN
     4/4: $assume$axi4lite_formal.sv:95$26_EN
Creating decoders for process `\axi4lite_formal.$proc$axi4lite_formal.sv:6$11'.

5.3.8. Executing PROC_DLATCH pass (convert process syncs to latches).

5.3.9. Executing PROC_DFF pass (convert process syncs to FFs).
Creating register for signal `\axi4lite_functional_properties.\f_past_valid' using process `\axi4lite_functional_properties.$proc$axi4lite_functional.sv:104$243'.
  created $dff cell `$procdff$2094' with positive edge clock.
Creating register for signal `\axi4lite_functional_properties.\model_aw_pending' using process `\axi4lite_functional_properties.$proc$axi4lite_functional.sv:104$243'.
  created $dff cell `$procdff$2095' with positive edge clock.
Creating register for signal `\axi4lite_functional_properties.\model_awaddr' using process `\axi4lite_functional_properties.$proc$axi4lite_functional.sv:104$243'.
  created $dff cell `$procdff$2096' with positive edge clock.
Creating register for signal `\axi4lite_functional_properties.\model_w_pending' using process `\axi4lite_functional_properties.$proc$axi4lite_functional.sv:104$243'.
  created $dff cell `$procdff$2097' with positive edge clock.
Creating register for signal `\axi4lite_functional_properties.\model_wdata' using process `\axi4lite_functional_properties.$proc$axi4lite_functional.sv:104$243'.
  created $dff cell `$procdff$2098' with positive edge clock.
Creating register for signal `\axi4lite_functional_properties.\model_wstrb' using process `\axi4lite_functional_properties.$proc$axi4lite_functional.sv:104$243'.
  created $dff cell `$procdff$2099' with positive edge clock.
Creating register for signal `\axi4lite_functional_properties.\model_control' using process `\axi4lite_functional_properties.$proc$axi4lite_functional.sv:104$243'.
  created $dff cell `$procdff$2100' with positive edge clock.
Creating register for signal `\axi4lite_functional_properties.\model_status' using process `\axi4lite_functional_properties.$proc$axi4lite_functional.sv:104$243'.
  created $dff cell `$procdff$2101' with positive edge clock.
Creating register for signal `\axi4lite_functional_properties.\model_data0' using process `\axi4lite_functional_properties.$proc$axi4lite_functional.sv:104$243'.
  created $dff cell `$procdff$2102' with positive edge clock.
Creating register for signal `\axi4lite_functional_properties.\model_data1' using process `\axi4lite_functional_properties.$proc$axi4lite_functional.sv:104$243'.
  created $dff cell `$procdff$2103' with positive edge clock.
Creating register for signal `\axi4lite_functional_properties.\expected_read_valid' using process `\axi4lite_functional_properties.$proc$axi4lite_functional.sv:104$243'.
  created $dff cell `$procdff$2104' with positive edge clock.
Creating register for signal `\axi4lite_functional_properties.\expected_read_data' using process `\axi4lite_functional_properties.$proc$axi4lite_functional.sv:104$243'.
  created $dff cell `$procdff$2105' with positive edge clock.
Creating register for signal `\axi4lite_functional_properties.\expected_read_resp' using process `\axi4lite_functional_properties.$proc$axi4lite_functional.sv:104$243'.
  created $dff cell `$procdff$2106' with positive edge clock.
Creating register for signal `\axi4lite_functional_properties.\apply_wstrb$func$axi4lite_functional.sv:149$232.$result' using process `\axi4lite_functional_properties.$proc$axi4lite_functional.sv:104$243'.
  created $dff cell `$procdff$2107' with positive edge clock.
Creating register for signal `\axi4lite_functional_properties.\apply_wstrb$func$axi4lite_functional.sv:149$232.old_value' using process `\axi4lite_functional_properties.$proc$axi4lite_functional.sv:104$243'.
  created $dff cell `$procdff$2108' with positive edge clock.
Creating register for signal `\axi4lite_functional_properties.\apply_wstrb$func$axi4lite_functional.sv:149$232.new_value' using process `\axi4lite_functional_properties.$proc$axi4lite_functional.sv:104$243'.
  created $dff cell `$procdff$2109' with positive edge clock.
Creating register for signal `\axi4lite_functional_properties.\apply_wstrb$func$axi4lite_functional.sv:149$232.strobe' using process `\axi4lite_functional_properties.$proc$axi4lite_functional.sv:104$243'.
  created $dff cell `$procdff$2110' with positive edge clock.
Creating register for signal `\axi4lite_functional_properties.\apply_wstrb$func$axi4lite_functional.sv:149$232.result' using process `\axi4lite_functional_properties.$proc$axi4lite_functional.sv:104$243'.
  created $dff cell `$procdff$2111' with positive edge clock.
Creating register for signal `\axi4lite_functional_properties.\apply_wstrb$func$axi4lite_functional.sv:149$232.byte_index' using process `\axi4lite_functional_properties.$proc$axi4lite_functional.sv:104$243'.
  created $dff cell `$procdff$2112' with positive edge clock.
Creating register for signal `\axi4lite_functional_properties.\apply_wstrb$func$axi4lite_functional.sv:157$233.$result' using process `\axi4lite_functional_properties.$proc$axi4lite_functional.sv:104$243'.
  created $dff cell `$procdff$2113' with positive edge clock.
Creating register for signal `\axi4lite_functional_properties.\apply_wstrb$func$axi4lite_functional.sv:157$233.old_value' using process `\axi4lite_functional_properties.$proc$axi4lite_functional.sv:104$243'.
  created $dff cell `$procdff$2114' with positive edge clock.
Creating register for signal `\axi4lite_functional_properties.\apply_wstrb$func$axi4lite_functional.sv:157$233.new_value' using process `\axi4lite_functional_properties.$proc$axi4lite_functional.sv:104$243'.
  created $dff cell `$procdff$2115' with positive edge clock.
Creating register for signal `\axi4lite_functional_properties.\apply_wstrb$func$axi4lite_functional.sv:157$233.strobe' using process `\axi4lite_functional_properties.$proc$axi4lite_functional.sv:104$243'.
  created $dff cell `$procdff$2116' with positive edge clock.
Creating register for signal `\axi4lite_functional_properties.\apply_wstrb$func$axi4lite_functional.sv:157$233.result' using process `\axi4lite_functional_properties.$proc$axi4lite_functional.sv:104$243'.
  created $dff cell `$procdff$2117' with positive edge clock.
Creating register for signal `\axi4lite_functional_properties.\apply_wstrb$func$axi4lite_functional.sv:157$233.byte_index' using process `\axi4lite_functional_properties.$proc$axi4lite_functional.sv:104$243'.
  created $dff cell `$procdff$2118' with positive edge clock.
Creating register for signal `\axi4lite_functional_properties.\apply_wstrb$func$axi4lite_functional.sv:165$234.$result' using process `\axi4lite_functional_properties.$proc$axi4lite_functional.sv:104$243'.
  created $dff cell `$procdff$2119' with positive edge clock.
Creating register for signal `\axi4lite_functional_properties.\apply_wstrb$func$axi4lite_functional.sv:165$234.old_value' using process `\axi4lite_functional_properties.$proc$axi4lite_functional.sv:104$243'.
  created $dff cell `$procdff$2120' with positive edge clock.
Creating register for signal `\axi4lite_functional_properties.\apply_wstrb$func$axi4lite_functional.sv:165$234.new_value' using process `\axi4lite_functional_properties.$proc$axi4lite_functional.sv:104$243'.
  created $dff cell `$procdff$2121' with positive edge clock.
Creating register for signal `\axi4lite_functional_properties.\apply_wstrb$func$axi4lite_functional.sv:165$234.strobe' using process `\axi4lite_functional_properties.$proc$axi4lite_functional.sv:104$243'.
  created $dff cell `$procdff$2122' with positive edge clock.
Creating register for signal `\axi4lite_functional_properties.\apply_wstrb$func$axi4lite_functional.sv:165$234.result' using process `\axi4lite_functional_properties.$proc$axi4lite_functional.sv:104$243'.
  created $dff cell `$procdff$2123' with positive edge clock.
Creating register for signal `\axi4lite_functional_properties.\apply_wstrb$func$axi4lite_functional.sv:165$234.byte_index' using process `\axi4lite_functional_properties.$proc$axi4lite_functional.sv:104$243'.
  created $dff cell `$procdff$2124' with positive edge clock.
Creating register for signal `\axi4lite_functional_properties.\apply_wstrb$func$axi4lite_functional.sv:173$235.$result' using process `\axi4lite_functional_properties.$proc$axi4lite_functional.sv:104$243'.
  created $dff cell `$procdff$2125' with positive edge clock.
Creating register for signal `\axi4lite_functional_properties.\apply_wstrb$func$axi4lite_functional.sv:173$235.old_value' using process `\axi4lite_functional_properties.$proc$axi4lite_functional.sv:104$243'.
  created $dff cell `$procdff$2126' with positive edge clock.
Creating register for signal `\axi4lite_functional_properties.\apply_wstrb$func$axi4lite_functional.sv:173$235.new_value' using process `\axi4lite_functional_properties.$proc$axi4lite_functional.sv:104$243'.
  created $dff cell `$procdff$2127' with positive edge clock.
Creating register for signal `\axi4lite_functional_properties.\apply_wstrb$func$axi4lite_functional.sv:173$235.strobe' using process `\axi4lite_functional_properties.$proc$axi4lite_functional.sv:104$243'.
  created $dff cell `$procdff$2128' with positive edge clock.
Creating register for signal `\axi4lite_functional_properties.\apply_wstrb$func$axi4lite_functional.sv:173$235.result' using process `\axi4lite_functional_properties.$proc$axi4lite_functional.sv:104$243'.
  created $dff cell `$procdff$2129' with positive edge clock.
Creating register for signal `\axi4lite_functional_properties.\apply_wstrb$func$axi4lite_functional.sv:173$235.byte_index' using process `\axi4lite_functional_properties.$proc$axi4lite_functional.sv:104$243'.
  created $dff cell `$procdff$2130' with positive edge clock.
Creating register for signal `\axi4lite_functional_properties.\address_is_valid$func$axi4lite_functional.sv:235$236.$result' using process `\axi4lite_functional_properties.$proc$axi4lite_functional.sv:104$243'.
  created $dff cell `$procdff$2131' with positive edge clock.
Creating register for signal `\axi4lite_functional_properties.\address_is_valid$func$axi4lite_functional.sv:235$236.address' using process `\axi4lite_functional_properties.$proc$axi4lite_functional.sv:104$243'.
  created $dff cell `$procdff$2132' with positive edge clock.
Creating register for signal `\axi4lite_functional_properties.$past$axi4lite_functional.sv:253$237$0' using process `\axi4lite_functional_properties.$proc$axi4lite_functional.sv:104$243'.
  created $dff cell `$procdff$2133' with positive edge clock.
Creating register for signal `\axi4lite_regs.\s_axi_rdata' using process `\axi4lite_regs.$proc$axi4lite_regs.sv:256$228'.
  created $dff cell `$procdff$2134' with positive edge clock.
Creating register for signal `\axi4lite_regs.\s_axi_rresp' using process `\axi4lite_regs.$proc$axi4lite_regs.sv:256$228'.
  created $dff cell `$procdff$2135' with positive edge clock.
Creating register for signal `\axi4lite_regs.\s_axi_rvalid' using process `\axi4lite_regs.$proc$axi4lite_regs.sv:256$228'.
  created $dff cell `$procdff$2136' with positive edge clock.
Creating register for signal `\axi4lite_regs.\s_axi_bresp' using process `\axi4lite_regs.$proc$axi4lite_regs.sv:147$202'.
  created $dff cell `$procdff$2137' with positive edge clock.
Creating register for signal `\axi4lite_regs.\s_axi_bvalid' using process `\axi4lite_regs.$proc$axi4lite_regs.sv:147$202'.
  created $dff cell `$procdff$2138' with positive edge clock.
Creating register for signal `\axi4lite_regs.\control_reg' using process `\axi4lite_regs.$proc$axi4lite_regs.sv:147$202'.
  created $dff cell `$procdff$2139' with positive edge clock.
Creating register for signal `\axi4lite_regs.\status_reg' using process `\axi4lite_regs.$proc$axi4lite_regs.sv:147$202'.
  created $dff cell `$procdff$2140' with positive edge clock.
Creating register for signal `\axi4lite_regs.\data0_reg' using process `\axi4lite_regs.$proc$axi4lite_regs.sv:147$202'.
  created $dff cell `$procdff$2141' with positive edge clock.
Creating register for signal `\axi4lite_regs.\data1_reg' using process `\axi4lite_regs.$proc$axi4lite_regs.sv:147$202'.
  created $dff cell `$procdff$2142' with positive edge clock.
Creating register for signal `\axi4lite_regs.\aw_pending' using process `\axi4lite_regs.$proc$axi4lite_regs.sv:147$202'.
  created $dff cell `$procdff$2143' with positive edge clock.
Creating register for signal `\axi4lite_regs.\awaddr_hold' using process `\axi4lite_regs.$proc$axi4lite_regs.sv:147$202'.
  created $dff cell `$procdff$2144' with positive edge clock.
Creating register for signal `\axi4lite_regs.\w_pending' using process `\axi4lite_regs.$proc$axi4lite_regs.sv:147$202'.
  created $dff cell `$procdff$2145' with positive edge clock.
Creating register for signal `\axi4lite_regs.\wdata_hold' using process `\axi4lite_regs.$proc$axi4lite_regs.sv:147$202'.
  created $dff cell `$procdff$2146' with positive edge clock.
Creating register for signal `\axi4lite_regs.\wstrb_hold' using process `\axi4lite_regs.$proc$axi4lite_regs.sv:147$202'.
  created $dff cell `$procdff$2147' with positive edge clock.
Creating register for signal `\axi4lite_regs.$fordecl_block$2.byte_index' using process `\axi4lite_regs.$proc$axi4lite_regs.sv:147$202'.
  created $dff cell `$procdff$2148' with positive edge clock.
Creating register for signal `\axi4lite_regs.$fordecl_block$4.byte_index' using process `\axi4lite_regs.$proc$axi4lite_regs.sv:147$202'.
  created $dff cell `$procdff$2149' with positive edge clock.
Creating register for signal `\axi4lite_regs.$fordecl_block$6.byte_index' using process `\axi4lite_regs.$proc$axi4lite_regs.sv:147$202'.
  created $dff cell `$procdff$2150' with positive edge clock.
Creating register for signal `\axi4lite_regs.$fordecl_block$8.byte_index' using process `\axi4lite_regs.$proc$axi4lite_regs.sv:147$202'.
  created $dff cell `$procdff$2151' with positive edge clock.
Creating register for signal `\axi4lite_properties.\f_past_valid' using process `\axi4lite_properties.$proc$axi4lite_properties.sv:79$62'.
  created $dff cell `$procdff$2152' with positive edge clock.
Creating register for signal `\axi4lite_properties.\aw_seen' using process `\axi4lite_properties.$proc$axi4lite_properties.sv:79$62'.
  created $dff cell `$procdff$2153' with positive edge clock.
Creating register for signal `\axi4lite_properties.\w_seen' using process `\axi4lite_properties.$proc$axi4lite_properties.sv:79$62'.
  created $dff cell `$procdff$2154' with positive edge clock.
Creating register for signal `\axi4lite_properties.\write_request_open' using process `\axi4lite_properties.$proc$axi4lite_properties.sv:79$62'.
  created $dff cell `$procdff$2155' with positive edge clock.
Creating register for signal `\axi4lite_properties.\write_wait_cycle' using process `\axi4lite_properties.$proc$axi4lite_properties.sv:79$62'.
  created $dff cell `$procdff$2156' with positive edge clock.
Creating register for signal `\axi4lite_properties.\read_request_open' using process `\axi4lite_properties.$proc$axi4lite_properties.sv:79$62'.
  created $dff cell `$procdff$2157' with positive edge clock.
Creating register for signal `\axi4lite_properties.$past$axi4lite_properties.sv:99$39$0' using process `\axi4lite_properties.$proc$axi4lite_properties.sv:79$62'.
  created $dff cell `$procdff$2158' with positive edge clock.
Creating register for signal `\axi4lite_properties.$past$axi4lite_properties.sv:102$40$0' using process `\axi4lite_properties.$proc$axi4lite_properties.sv:79$62'.
  created $dff cell `$procdff$2159' with positive edge clock.
Creating register for signal `\axi4lite_properties.$past$axi4lite_properties.sv:104$41$0' using process `\axi4lite_properties.$proc$axi4lite_properties.sv:79$62'.
  created $dff cell `$procdff$2160' with positive edge clock.
Creating register for signal `\axi4lite_properties.$past$axi4lite_properties.sv:108$42$0' using process `\axi4lite_properties.$proc$axi4lite_properties.sv:79$62'.
  created $dff cell `$procdff$2161' with positive edge clock.
Creating register for signal `\axi4lite_properties.$past$axi4lite_properties.sv:110$43$0' using process `\axi4lite_properties.$proc$axi4lite_properties.sv:79$62'.
  created $dff cell `$procdff$2162' with positive edge clock.
Creating register for signal `\axi4lite_properties.$past$axi4lite_properties.sv:111$44$0' using process `\axi4lite_properties.$proc$axi4lite_properties.sv:79$62'.
  created $dff cell `$procdff$2163' with positive edge clock.
Creating register for signal `\axi4lite_properties.$past$axi4lite_properties.sv:115$45$0' using process `\axi4lite_properties.$proc$axi4lite_properties.sv:79$62'.
  created $dff cell `$procdff$2164' with positive edge clock.
Creating register for signal `\axi4lite_properties.$past$axi4lite_properties.sv:117$46$0' using process `\axi4lite_properties.$proc$axi4lite_properties.sv:79$62'.
  created $dff cell `$procdff$2165' with positive edge clock.
Creating register for signal `\axi4lite_properties.$past$axi4lite_properties.sv:127$47$0' using process `\axi4lite_properties.$proc$axi4lite_properties.sv:79$62'.
  created $dff cell `$procdff$2166' with positive edge clock.
Creating register for signal `\axi4lite_properties.$past$axi4lite_properties.sv:129$48$0' using process `\axi4lite_properties.$proc$axi4lite_properties.sv:79$62'.
  created $dff cell `$procdff$2167' with positive edge clock.
Creating register for signal `\axi4lite_properties.$past$axi4lite_properties.sv:133$49$0' using process `\axi4lite_properties.$proc$axi4lite_properties.sv:79$62'.
  created $dff cell `$procdff$2168' with positive edge clock.
Creating register for signal `\axi4lite_properties.$past$axi4lite_properties.sv:135$50$0' using process `\axi4lite_properties.$proc$axi4lite_properties.sv:79$62'.
  created $dff cell `$procdff$2169' with positive edge clock.
Creating register for signal `\axi4lite_properties.$past$axi4lite_properties.sv:136$51$0' using process `\axi4lite_properties.$proc$axi4lite_properties.sv:79$62'.
  created $dff cell `$procdff$2170' with positive edge clock.
Creating register for signal `\axi4lite_formal.\f_past_valid' using process `\axi4lite_formal.$proc$axi4lite_formal.sv:90$23'.
  created $dff cell `$procdff$2171' with positive edge clock.
Creating register for signal `\axi4lite_formal.$past$axi4lite_formal.sv:100$10$0' using process `\axi4lite_formal.$proc$axi4lite_formal.sv:90$23'.
  created $dff cell `$procdff$2172' with positive edge clock.
Creating register for signal `\axi4lite_formal.\aclk' using process `\axi4lite_formal.$proc$axi4lite_formal.sv:6$11'.
  created $ff cell `$procdff$2173' with global clock.

5.3.10. Executing PROC_MEMWR pass (convert process memory writes to cells).

5.3.11. Executing PROC_CLEAN pass (remove empty switches from decision trees).
Removing empty process `axi4lite_functional_properties.$proc$axi4lite_functional.sv:62$412'.
Removing empty process `axi4lite_functional_properties.$proc$axi4lite_functional.sv:61$411'.
Removing empty process `axi4lite_functional_properties.$proc$axi4lite_functional.sv:60$410'.
Removing empty process `axi4lite_functional_properties.$proc$axi4lite_functional.sv:57$409'.
Removing empty process `axi4lite_functional_properties.$proc$axi4lite_functional.sv:56$408'.
Removing empty process `axi4lite_functional_properties.$proc$axi4lite_functional.sv:55$407'.
Removing empty process `axi4lite_functional_properties.$proc$axi4lite_functional.sv:54$406'.
Removing empty process `axi4lite_functional_properties.$proc$axi4lite_functional.sv:51$405'.
Removing empty process `axi4lite_functional_properties.$proc$axi4lite_functional.sv:50$404'.
Removing empty process `axi4lite_functional_properties.$proc$axi4lite_functional.sv:49$403'.
Removing empty process `axi4lite_functional_properties.$proc$axi4lite_functional.sv:47$402'.
Removing empty process `axi4lite_functional_properties.$proc$axi4lite_functional.sv:46$401'.
Removing empty process `axi4lite_functional_properties.$proc$axi4lite_functional.sv:37$400'.
Found and cleaned up 30 empty switches in `\axi4lite_functional_properties.$proc$axi4lite_functional.sv:104$243'.
Removing empty process `axi4lite_functional_properties.$proc$axi4lite_functional.sv:104$243'.
Found and cleaned up 4 empty switches in `\axi4lite_regs.$proc$axi4lite_regs.sv:256$228'.
Removing empty process `axi4lite_regs.$proc$axi4lite_regs.sv:256$228'.
Found and cleaned up 22 empty switches in `\axi4lite_regs.$proc$axi4lite_regs.sv:147$202'.
Removing empty process `axi4lite_regs.$proc$axi4lite_regs.sv:147$202'.
Removing empty process `axi4lite_properties.$proc$axi4lite_properties.sv:61$193'.
Removing empty process `axi4lite_properties.$proc$axi4lite_properties.sv:60$192'.
Removing empty process `axi4lite_properties.$proc$axi4lite_properties.sv:59$191'.
Removing empty process `axi4lite_properties.$proc$axi4lite_properties.sv:58$190'.
Removing empty process `axi4lite_properties.$proc$axi4lite_properties.sv:57$189'.
Removing empty process `axi4lite_properties.$proc$axi4lite_properties.sv:36$188'.
Found and cleaned up 25 empty switches in `\axi4lite_properties.$proc$axi4lite_properties.sv:79$62'.
Removing empty process `axi4lite_properties.$proc$axi4lite_properties.sv:79$62'.
Removing empty process `axi4lite_formal.$proc$axi4lite_formal.sv:88$38'.
Removing empty process `axi4lite_formal.$proc$axi4lite_formal.sv:4$37'.
Found and cleaned up 2 empty switches in `\axi4lite_formal.$proc$axi4lite_formal.sv:90$23'.
Removing empty process `axi4lite_formal.$proc$axi4lite_formal.sv:90$23'.
Removing empty process `axi4lite_formal.$proc$axi4lite_formal.sv:6$11'.
Cleaned up 83 empty switches.

5.3.12. Executing OPT_EXPR pass (perform const folding).
Optimizing module axi4lite_functional_properties.
<suppressed ~149 debug messages>
Optimizing module axi4lite_regs.
<suppressed ~46 debug messages>
Optimizing module axi4lite_properties.
<suppressed ~41 debug messages>
Optimizing module axi4lite_formal.
<suppressed ~2 debug messages>

5.4. Executing FUTURE pass.

5.5. Executing OPT_EXPR pass (perform const folding).
Optimizing module axi4lite_functional_properties.
Optimizing module axi4lite_regs.
Optimizing module axi4lite_properties.
Optimizing module axi4lite_formal.

5.6. Executing OPT_CLEAN pass (remove unused cells and wires).
Finding unused cells or wires in module \axi4lite_functional_properties..
Finding unused cells or wires in module \axi4lite_regs..
Finding unused cells or wires in module \axi4lite_properties..
Finding unused cells or wires in module \axi4lite_formal..
Removed 286 unused cells and 1067 unused wires.
<suppressed ~312 debug messages>

5.7. Executing CHECK pass (checking for obvious problems).
Checking module axi4lite_functional_properties...
Checking module axi4lite_regs...
Checking module axi4lite_properties...
Checking module axi4lite_formal...
Found and reported 0 problems.

5.8. Executing OPT pass (performing simple optimizations).

5.8.1. Executing OPT_EXPR pass (perform const folding).
Optimizing module axi4lite_functional_properties.
Optimizing module axi4lite_regs.
Optimizing module axi4lite_properties.
Optimizing module axi4lite_formal.

5.8.2. Executing OPT_MERGE pass (detect identical cells).
Finding identical cells in module `\axi4lite_functional_properties'.
Computing hashes of 210 cells of `\axi4lite_functional_properties'.
Finding duplicate cells in `\axi4lite_functional_properties'.
Computing hashes of 185 cells of `\axi4lite_functional_properties'.
Finding duplicate cells in `\axi4lite_functional_properties'.
<suppressed ~75 debug messages>
Finding identical cells in module `\axi4lite_regs'.
Computing hashes of 152 cells of `\axi4lite_regs'.
Finding duplicate cells in `\axi4lite_regs'.
Computing hashes of 130 cells of `\axi4lite_regs'.
Finding duplicate cells in `\axi4lite_regs'.
<suppressed ~66 debug messages>
Finding identical cells in module `\axi4lite_properties'.
Computing hashes of 262 cells of `\axi4lite_properties'.
Finding duplicate cells in `\axi4lite_properties'.
Computing hashes of 250 cells of `\axi4lite_properties'.
Finding duplicate cells in `\axi4lite_properties'.
Computing hashes of 245 cells of `\axi4lite_properties'.
Finding duplicate cells in `\axi4lite_properties'.
<suppressed ~51 debug messages>
Finding identical cells in module `\axi4lite_formal'.
Computing hashes of 31 cells of `\axi4lite_formal'.
Finding duplicate cells in `\axi4lite_formal'.
Removed a total of 64 cells.

5.8.3. Executing OPT_MUXTREE pass (detect dead branches in mux trees).
Running muxtree optimizer on module \axi4lite_functional_properties..
  Creating internal representation of mux trees.
  Evaluating internal representation of mux trees.
  Analyzing evaluation results.
    dead port 2/2 on $mux $procmux$778.
    dead port 2/2 on $mux $procmux$775.
    dead port 2/2 on $mux $procmux$773.
    dead port 2/2 on $mux $procmux$765.
    dead port 2/2 on $mux $procmux$762.
    dead port 2/2 on $mux $procmux$760.
    dead port 2/2 on $mux $procmux$729.
    dead port 2/2 on $mux $procmux$726.
    dead port 2/2 on $mux $procmux$724.
    dead port 2/2 on $mux $procmux$714.
    dead port 2/2 on $mux $procmux$711.
    dead port 2/2 on $mux $procmux$709.
    dead port 2/2 on $mux $procmux$699.
    dead port 2/2 on $mux $procmux$696.
    dead port 2/2 on $mux $procmux$694.
    dead port 2/2 on $mux $procmux$637.
    dead port 2/2 on $mux $procmux$634.
    dead port 2/2 on $mux $procmux$632.
    dead port 2/2 on $mux $procmux$623.
    dead port 2/2 on $mux $procmux$620.
    dead port 2/2 on $mux $procmux$618.
    dead port 2/2 on $mux $procmux$609.
    dead port 2/2 on $mux $procmux$606.
    dead port 2/2 on $mux $procmux$604.
    dead port 2/2 on $mux $procmux$553.
    dead port 2/2 on $mux $procmux$550.
    dead port 2/2 on $mux $procmux$548.
    dead port 2/2 on $mux $procmux$540.
    dead port 2/2 on $mux $procmux$537.
    dead port 2/2 on $mux $procmux$535.
    dead port 2/2 on $mux $procmux$527.
    dead port 2/2 on $mux $procmux$524.
    dead port 2/2 on $mux $procmux$522.
    dead port 2/2 on $mux $procmux$477.
    dead port 2/2 on $mux $procmux$474.
    dead port 2/2 on $mux $procmux$472.
    dead port 2/2 on $mux $procmux$465.
    dead port 2/2 on $mux $procmux$462.
    dead port 2/2 on $mux $procmux$460.
    dead port 2/2 on $mux $procmux$807.
    dead port 2/2 on $mux $procmux$453.
    dead port 2/2 on $mux $procmux$450.
    dead port 2/2 on $mux $procmux$448.
    dead port 2/2 on $mux $procmux$804.
    dead port 2/2 on $mux $procmux$802.
    dead port 2/2 on $mux $procmux$792.
    dead port 2/2 on $mux $procmux$789.
    dead port 2/2 on $mux $procmux$787.
Running muxtree optimizer on module \axi4lite_regs..
  Creating internal representation of mux trees.
  Evaluating internal representation of mux trees.
  Analyzing evaluation results.
Running muxtree optimizer on module \axi4lite_properties..
  Creating internal representation of mux trees.
  Evaluating internal representation of mux trees.
  Analyzing evaluation results.
Running muxtree optimizer on module \axi4lite_formal..
  Creating internal representation of mux trees.
  Evaluating internal representation of mux trees.
  Analyzing evaluation results.
Removed 48 multiplexer ports.
<suppressed ~454 debug messages>

5.8.4. Executing OPT_REDUCE pass (consolidate $*mux and $reduce_* inputs).
  Optimizing cells in module \axi4lite_functional_properties.
    New ctrl vector for $pmux cell $procmux$1314: $auto$opt_reduce.cc:137:opt_pmux$2175
  Optimizing cells in module \axi4lite_functional_properties.
  Optimizing cells in module \axi4lite_regs.
    New ctrl vector for $pmux cell $procmux$1768: $auto$opt_reduce.cc:137:opt_pmux$2177
    New ctrl vector for $pmux cell $procmux$1427: $auto$opt_reduce.cc:137:opt_pmux$2179
  Optimizing cells in module \axi4lite_regs.
  Optimizing cells in module \axi4lite_properties.
  Optimizing cells in module \axi4lite_formal.
Performed a total of 3 changes.

5.8.5. Executing OPT_MERGE pass (detect identical cells).
Finding identical cells in module `\axi4lite_functional_properties'.
Computing hashes of 138 cells of `\axi4lite_functional_properties'.
Finding duplicate cells in `\axi4lite_functional_properties'.
Computing hashes of 128 cells of `\axi4lite_functional_properties'.
Finding duplicate cells in `\axi4lite_functional_properties'.
Computing hashes of 126 cells of `\axi4lite_functional_properties'.
Finding duplicate cells in `\axi4lite_functional_properties'.
<suppressed ~36 debug messages>
Finding identical cells in module `\axi4lite_regs'.
Computing hashes of 132 cells of `\axi4lite_regs'.
Finding duplicate cells in `\axi4lite_regs'.
Finding identical cells in module `\axi4lite_properties'.
Computing hashes of 245 cells of `\axi4lite_properties'.
Finding duplicate cells in `\axi4lite_properties'.
Computing hashes of 214 cells of `\axi4lite_properties'.
Finding duplicate cells in `\axi4lite_properties'.
Computing hashes of 201 cells of `\axi4lite_properties'.
Finding duplicate cells in `\axi4lite_properties'.
Computing hashes of 192 cells of `\axi4lite_properties'.
Finding duplicate cells in `\axi4lite_properties'.
Computing hashes of 190 cells of `\axi4lite_properties'.
Finding duplicate cells in `\axi4lite_properties'.
<suppressed ~165 debug messages>
Finding identical cells in module `\axi4lite_formal'.
Computing hashes of 31 cells of `\axi4lite_formal'.
Finding duplicate cells in `\axi4lite_formal'.
Computing hashes of 30 cells of `\axi4lite_formal'.
Finding duplicate cells in `\axi4lite_formal'.
<suppressed ~3 debug messages>
Removed a total of 68 cells.

5.8.6. Executing OPT_CLEAN pass (remove unused cells and wires).
Finding unused cells or wires in module \axi4lite_functional_properties..
Finding unused cells or wires in module \axi4lite_regs..
Finding unused cells or wires in module \axi4lite_properties..
Finding unused cells or wires in module \axi4lite_formal..
Removed 0 unused cells and 177 unused wires.
<suppressed ~4 debug messages>

5.8.7. Executing OPT_EXPR pass (perform const folding).
Optimizing module axi4lite_functional_properties.
Optimizing module axi4lite_regs.
Optimizing module axi4lite_properties.
Optimizing module axi4lite_formal.

5.8.8. Rerunning OPT passes. (Maybe there is more to do..)

5.8.9. Executing OPT_MUXTREE pass (detect dead branches in mux trees).
Running muxtree optimizer on module \axi4lite_functional_properties..
  Creating internal representation of mux trees.
  Evaluating internal representation of mux trees.
  Analyzing evaluation results.
Running muxtree optimizer on module \axi4lite_regs..
  Creating internal representation of mux trees.
  Evaluating internal representation of mux trees.
  Analyzing evaluation results.
Running muxtree optimizer on module \axi4lite_properties..
  Creating internal representation of mux trees.
  Evaluating internal representation of mux trees.
  Analyzing evaluation results.
Running muxtree optimizer on module \axi4lite_formal..
  Creating internal representation of mux trees.
  Evaluating internal representation of mux trees.
  Analyzing evaluation results.
Removed 0 multiplexer ports.
<suppressed ~300 debug messages>

5.8.10. Executing OPT_REDUCE pass (consolidate $*mux and $reduce_* inputs).
  Optimizing cells in module \axi4lite_functional_properties.
  Optimizing cells in module \axi4lite_regs.
  Optimizing cells in module \axi4lite_properties.
  Optimizing cells in module \axi4lite_formal.
Performed a total of 0 changes.

5.8.11. Executing OPT_MERGE pass (detect identical cells).
Finding identical cells in module `\axi4lite_functional_properties'.
Computing hashes of 126 cells of `\axi4lite_functional_properties'.
Finding duplicate cells in `\axi4lite_functional_properties'.
Finding identical cells in module `\axi4lite_regs'.
Computing hashes of 132 cells of `\axi4lite_regs'.
Finding duplicate cells in `\axi4lite_regs'.
Finding identical cells in module `\axi4lite_properties'.
Computing hashes of 190 cells of `\axi4lite_properties'.
Finding duplicate cells in `\axi4lite_properties'.
Finding identical cells in module `\axi4lite_formal'.
Computing hashes of 30 cells of `\axi4lite_formal'.
Finding duplicate cells in `\axi4lite_formal'.
Removed a total of 0 cells.

5.8.12. Executing OPT_CLEAN pass (remove unused cells and wires).
Finding unused cells or wires in module \axi4lite_functional_properties..
Finding unused cells or wires in module \axi4lite_regs..
Finding unused cells or wires in module \axi4lite_properties..
Finding unused cells or wires in module \axi4lite_formal..

5.8.13. Executing OPT_EXPR pass (perform const folding).
Optimizing module axi4lite_functional_properties.
Optimizing module axi4lite_regs.
Optimizing module axi4lite_properties.
Optimizing module axi4lite_formal.

5.8.14. Finished fast OPT passes. (There is nothing left to do.)

5.9. Executing WREDUCE pass (reducing word size of cells).
Removed top 1 bits (of 4) from port B of cell axi4lite_functional_properties.$procmux$788_CMP0 ($eq).
Removed top 1 bits (of 4) from port B of cell axi4lite_functional_properties.$procmux$1317_CMP0 ($eq).
Removed top 1 bits (of 4) from port B of cell axi4lite_regs.$procmux$1442_CMP0 ($eq).
Removed top 1 bits (of 4) from port B of cell axi4lite_regs.$procmux$1726_CMP0 ($eq).

5.10. Executing OPT_CLEAN pass (remove unused cells and wires).
Finding unused cells or wires in module \axi4lite_functional_properties..
Finding unused cells or wires in module \axi4lite_regs..
Finding unused cells or wires in module \axi4lite_properties..
Finding unused cells or wires in module \axi4lite_formal..

5.11. Executing MEMORY_COLLECT pass (generating $mem cells).

5.12. Executing OPT pass (performing simple optimizations).

5.12.1. Executing OPT_EXPR pass (perform const folding).
Optimizing module axi4lite_functional_properties.
Optimizing module axi4lite_regs.
Optimizing module axi4lite_properties.
Optimizing module axi4lite_formal.

5.12.2. Executing OPT_MERGE pass (detect identical cells).
Finding identical cells in module `\axi4lite_functional_properties'.
Computing hashes of 126 cells of `\axi4lite_functional_properties'.
Finding duplicate cells in `\axi4lite_functional_properties'.
Finding identical cells in module `\axi4lite_regs'.
Computing hashes of 132 cells of `\axi4lite_regs'.
Finding duplicate cells in `\axi4lite_regs'.
Finding identical cells in module `\axi4lite_properties'.
Computing hashes of 190 cells of `\axi4lite_properties'.
Finding duplicate cells in `\axi4lite_properties'.
Finding identical cells in module `\axi4lite_formal'.
Computing hashes of 30 cells of `\axi4lite_formal'.
Finding duplicate cells in `\axi4lite_formal'.
Removed a total of 0 cells.

5.12.3. Executing OPT_CLEAN pass (remove unused cells and wires).
Finding unused cells or wires in module \axi4lite_functional_properties..
Finding unused cells or wires in module \axi4lite_regs..
Finding unused cells or wires in module \axi4lite_properties..
Finding unused cells or wires in module \axi4lite_formal..

5.12.4. Finished fast OPT passes.

5.13. Executing SORT pass.

5.14. Printing statistics.

=== axi4lite_formal ===

        +----------Local Count, excluding submodules.
        | 
       31 wires
      104 wire bits
       20 public wires
       93 public wire bits
       28 cells
       10   $anyseq
        5   $check
        2   $dff
        1   $ff
        2   $logic_and
        5   $logic_not
        3   $mux
        2 submodules
        1   axi4lite_properties
        1   axi4lite_regs

=== axi4lite_functional_properties ===

        +----------Local Count, excluding submodules.
        | 
      133 wires
     1177 wire bits
       40 public wires
      430 public wire bits
       23 ports
      220 port bits
      126 cells
       16   $check
       14   $dff
       13   $eq
        7   $logic_and
       10   $logic_not
       63   $mux
        1   $pmux
        2   $reduce_or

=== axi4lite_properties ===

        +----------Local Count, excluding submodules.
        | 
      160 wires
      306 wire bits
       31 public wires
      104 public wire bits
       19 ports
       92 port bits
      190 cells
       49   $check
       19   $dff
        9   $eq
       22   $logic_and
       17   $logic_not
        5   $logic_or
       67   $mux
        1   $ne
        1   $reduce_bool

=== axi4lite_regs ===

        +----------Local Count, excluding submodules.
        | 
      130 wires
      997 wire bits
       28 public wires
      262 public wire bits
       19 ports
       92 port bits
      131 cells
       14   $dff
        6   $eq
       12   $logic_and
        6   $logic_not
       90   $mux
        1   $pmux
        2   $reduce_or
        1 submodules
        1   axi4lite_functional_properties

=== design hierarchy ===

        +----------Count including submodules.
        | 
      475 axi4lite_formal
      190 axi4lite_properties
      131 axi4lite_regs
      126   axi4lite_functional_properties

        +----------Count including submodules.
        | 
      454 wires
     2584 wire bits
      119 public wires
      889 public wire bits
       61 ports
      404 port bits
        - memories
        - memory bits
        - processes
      475 cells
       10   $anyseq
       70   $check
       49   $dff
       28   $eq
        1   $ff
       43   $logic_and
       38   $logic_not
        5   $logic_or
      223   $mux
        1   $ne
        2   $pmux
        1   $reduce_bool
        4   $reduce_or
        2 submodules
        1   axi4lite_properties
        1   axi4lite_regs

5.15. Executing CHECK pass (checking for obvious problems).
Checking module axi4lite_formal...
Checking module axi4lite_functional_properties...
Checking module axi4lite_properties...
Checking module axi4lite_regs...
Found and reported 0 problems.

6. Executing HIERARCHY pass (managing design hierarchy).
Attribute `top' found on module `axi4lite_formal'. Setting top module to axi4lite_formal.

6.1. Analyzing design hierarchy..
Top module:  \axi4lite_formal
Used module:     \axi4lite_regs
Used module:         \axi4lite_functional_properties
Used module:     \axi4lite_properties

6.2. Analyzing design hierarchy..
Top module:  \axi4lite_formal
Used module:     \axi4lite_regs
Used module:         \axi4lite_functional_properties
Used module:     \axi4lite_properties
Removed 0 unused modules.
Module axi4lite_formal directly or indirectly contains formal properties -> setting "keep" attribute.
Module axi4lite_functional_properties directly or indirectly contains formal properties -> setting "keep" attribute.
Module axi4lite_properties directly or indirectly contains formal properties -> setting "keep" attribute.
Module axi4lite_regs directly or indirectly contains formal properties -> setting "keep" attribute.

7. Executing jny backend.

8. Executing RTLIL backend.
Output filename: ../model/design.il

End of script. Logfile hash: a212958ed9, time: 0.07s, user: 0.06s, system: 0.01s, MEM: 30.36 MB peak
Yosys 0.67+31 (git sha1 22c15a7ec-dirty, Release, Clang /usr/local/osxcross/target/bin/aarch64-apple-darwin23.5-clang++ 18.1.8)
Time spent: 22% 1x proc_mux (0 sec), 14% 2x hierarchy (0 sec), ...
