
 /----------------------------------------------------------------------------\
 |  yosys -- Yosys Open SYnthesis Suite                                       |
 |  Copyright (C) 2012 - 2026  Claire Xenia Wolf <claire@yosyshq.com>         |
 |  Distributed under an ISC-like license, type "license" to see terms        |
 \----------------------------------------------------------------------------/
 Yosys 0.67+31 (git sha1 22c15a7ec-dirty, Release, Clang /usr/local/osxcross/target/bin/aarch64-apple-darwin23.5-clang++ 18.1.8)

-- Executing script file `../model/design.ys' --

1. Executing Verilog-2005 frontend: axi4lite_functional.sv
Parsing formal SystemVerilog input from `axi4lite_functional.sv' to AST representation.
Storing AST representation for module `$abstract\axi4lite_functional_properties'.
Successfully finished Verilog frontend.

2. Executing Verilog-2005 frontend: axi4lite_regs.sv
Parsing formal SystemVerilog input from `axi4lite_regs.sv' to AST representation.
Storing AST representation for module `$abstract\axi4lite_regs'.
Successfully finished Verilog frontend.

3. Executing Verilog-2005 frontend: axi4lite_properties.sv
Parsing formal SystemVerilog input from `axi4lite_properties.sv' to AST representation.
Storing AST representation for module `$abstract\axi4lite_properties'.
Successfully finished Verilog frontend.

4. Executing Verilog-2005 frontend: axi4lite_assumption_audit.sv
Parsing formal SystemVerilog input from `axi4lite_assumption_audit.sv' to AST representation.
Storing AST representation for module `$abstract\axi4lite_assumption_audit'.
Successfully finished Verilog frontend.

5. Executing Verilog-2005 frontend: axi4lite_formal.sv
Parsing formal SystemVerilog input from `axi4lite_formal.sv' to AST representation.
Storing AST representation for module `$abstract\axi4lite_formal'.
Successfully finished Verilog frontend.

6. Executing PREP pass.

6.1. Executing HIERARCHY pass (managing design hierarchy).

6.2. Executing AST frontend in derive mode using pre-parsed AST for module `\axi4lite_formal'.
Generating RTLIL representation for module `\axi4lite_formal'.

6.2.1. Analyzing design hierarchy..
Top module:  \axi4lite_formal

6.2.2. Executing AST frontend in derive mode using pre-parsed AST for module `\axi4lite_assumption_audit'.
Generating RTLIL representation for module `\axi4lite_assumption_audit'.

6.2.3. Executing AST frontend in derive mode using pre-parsed AST for module `\axi4lite_properties'.
Generating RTLIL representation for module `\axi4lite_properties'.

6.2.4. Executing AST frontend in derive mode using pre-parsed AST for module `\axi4lite_regs'.
Generating RTLIL representation for module `\axi4lite_regs'.

6.2.5. Analyzing design hierarchy..
Top module:  \axi4lite_formal
Used module:     \axi4lite_assumption_audit
Used module:     \axi4lite_properties
Used module:     \axi4lite_regs

6.2.6. Executing AST frontend in derive mode using pre-parsed AST for module `\axi4lite_functional_properties'.
Generating RTLIL representation for module `\axi4lite_functional_properties'.

6.2.7. Analyzing design hierarchy..
Top module:  \axi4lite_formal
Used module:     \axi4lite_assumption_audit
Used module:     \axi4lite_properties
Used module:     \axi4lite_regs
Used module:         \axi4lite_functional_properties

6.2.8. Analyzing design hierarchy..
Top module:  \axi4lite_formal
Used module:     \axi4lite_assumption_audit
Used module:     \axi4lite_properties
Used module:     \axi4lite_regs
Used module:         \axi4lite_functional_properties
Removing unused module `$abstract\axi4lite_formal'.
Removing unused module `$abstract\axi4lite_assumption_audit'.
Removing unused module `$abstract\axi4lite_properties'.
Removing unused module `$abstract\axi4lite_regs'.
Removing unused module `$abstract\axi4lite_functional_properties'.
Removed 5 unused modules.
Module axi4lite_functional_properties directly or indirectly contains formal properties -> setting "keep" attribute.
Module axi4lite_regs directly or indirectly contains formal properties -> setting "keep" attribute.
Module axi4lite_properties directly or indirectly contains formal properties -> setting "keep" attribute.
Module axi4lite_assumption_audit directly or indirectly contains formal properties -> setting "keep" attribute.
Module axi4lite_formal directly or indirectly contains formal properties -> setting "keep" attribute.

6.3. Executing PROC pass (convert processes to netlists).

6.3.1. Executing PROC_CLEAN pass (remove empty switches from decision trees).
Cleaned up 0 empty switches.

6.3.2. Executing PROC_RMDEAD pass (remove dead branches from decision trees).
Marked 24 switch rules as full_case in process $proc$axi4lite_functional.sv:104$249 in module axi4lite_functional_properties.
Marked 3 switch rules as full_case in process $proc$axi4lite_regs.sv:256$234 in module axi4lite_regs.
Marked 3 switch rules as full_case in process $proc$axi4lite_regs.sv:147$208 in module axi4lite_regs.
Marked 5 switch rules as full_case in process $proc$axi4lite_properties.sv:79$92 in module axi4lite_properties.
Marked 1 switch rules as full_case in process $proc$axi4lite_formal.sv:90$23 in module axi4lite_formal.
Removed a total of 0 dead cases.

6.3.3. Executing PROC_PRUNE pass (remove redundant assignments in processes).
Removed 1 redundant assignment.
Promoted 74 assignments to connections.

6.3.4. Executing PROC_INIT pass (extract init attributes).
Found init rule in `\axi4lite_functional_properties.$proc$axi4lite_functional.sv:62$418'.
  Set init value: \expected_read_resp = 2'00
Found init rule in `\axi4lite_functional_properties.$proc$axi4lite_functional.sv:61$417'.
  Set init value: \expected_read_data = 0
Found init rule in `\axi4lite_functional_properties.$proc$axi4lite_functional.sv:60$416'.
  Set init value: \expected_read_valid = 1'0
Found init rule in `\axi4lite_functional_properties.$proc$axi4lite_functional.sv:57$415'.
  Set init value: \model_data1 = 0
Found init rule in `\axi4lite_functional_properties.$proc$axi4lite_functional.sv:56$414'.
  Set init value: \model_data0 = 0
Found init rule in `\axi4lite_functional_properties.$proc$axi4lite_functional.sv:55$413'.
  Set init value: \model_status = 0
Found init rule in `\axi4lite_functional_properties.$proc$axi4lite_functional.sv:54$412'.
  Set init value: \model_control = 0
Found init rule in `\axi4lite_functional_properties.$proc$axi4lite_functional.sv:51$411'.
  Set init value: \model_wstrb = 4'0000
Found init rule in `\axi4lite_functional_properties.$proc$axi4lite_functional.sv:50$410'.
  Set init value: \model_wdata = 0
Found init rule in `\axi4lite_functional_properties.$proc$axi4lite_functional.sv:49$409'.
  Set init value: \model_w_pending = 1'0
Found init rule in `\axi4lite_functional_properties.$proc$axi4lite_functional.sv:47$408'.
  Set init value: \model_awaddr = 4'0000
Found init rule in `\axi4lite_functional_properties.$proc$axi4lite_functional.sv:46$407'.
  Set init value: \model_aw_pending = 1'0
Found init rule in `\axi4lite_functional_properties.$proc$axi4lite_functional.sv:37$406'.
  Set init value: \f_past_valid = 1'0
Found init rule in `\axi4lite_properties.$proc$axi4lite_properties.sv:61$199'.
  Set init value: \read_request_open = 1'0
Found init rule in `\axi4lite_properties.$proc$axi4lite_properties.sv:60$198'.
  Set init value: \write_wait_cycle = 1'0
Found init rule in `\axi4lite_properties.$proc$axi4lite_properties.sv:59$197'.
  Set init value: \write_request_open = 1'0
Found init rule in `\axi4lite_properties.$proc$axi4lite_properties.sv:58$196'.
  Set init value: \w_seen = 1'0
Found init rule in `\axi4lite_properties.$proc$axi4lite_properties.sv:57$195'.
  Set init value: \aw_seen = 1'0
Found init rule in `\axi4lite_properties.$proc$axi4lite_properties.sv:36$194'.
  Set init value: \f_past_valid = 1'0
Found init rule in `\axi4lite_assumption_audit.$proc$axi4lite_assumption_audit.sv:19$75'.
  Set init value: \f_past_valid = 1'0
Found init rule in `\axi4lite_formal.$proc$axi4lite_formal.sv:88$38'.
  Set init value: \f_past_valid = 1'0
Found init rule in `\axi4lite_formal.$proc$axi4lite_formal.sv:4$37'.
  Set init value: \aclk = 1'0

6.3.5. Executing PROC_ARST pass (detect async resets in processes).

6.3.6. Executing PROC_ROM pass (convert switches to ROMs).
Converted 0 switches.
<suppressed ~84 debug messages>

6.3.7. Executing PROC_MUX pass (convert decision trees to multiplexers).
Creating decoders for process `\axi4lite_functional_properties.$proc$axi4lite_functional.sv:62$418'.
Creating decoders for process `\axi4lite_functional_properties.$proc$axi4lite_functional.sv:61$417'.
Creating decoders for process `\axi4lite_functional_properties.$proc$axi4lite_functional.sv:60$416'.
Creating decoders for process `\axi4lite_functional_properties.$proc$axi4lite_functional.sv:57$415'.
Creating decoders for process `\axi4lite_functional_properties.$proc$axi4lite_functional.sv:56$414'.
Creating decoders for process `\axi4lite_functional_properties.$proc$axi4lite_functional.sv:55$413'.
Creating decoders for process `\axi4lite_functional_properties.$proc$axi4lite_functional.sv:54$412'.
Creating decoders for process `\axi4lite_functional_properties.$proc$axi4lite_functional.sv:51$411'.
Creating decoders for process `\axi4lite_functional_properties.$proc$axi4lite_functional.sv:50$410'.
Creating decoders for process `\axi4lite_functional_properties.$proc$axi4lite_functional.sv:49$409'.
Creating decoders for process `\axi4lite_functional_properties.$proc$axi4lite_functional.sv:47$408'.
Creating decoders for process `\axi4lite_functional_properties.$proc$axi4lite_functional.sv:46$407'.
Creating decoders for process `\axi4lite_functional_properties.$proc$axi4lite_functional.sv:37$406'.
Creating decoders for process `\axi4lite_functional_properties.$proc$axi4lite_functional.sv:104$249'.
     1/133: $3\address_is_valid$func$axi4lite_functional.sv:235$242.$result[0:0]$381
     2/133: $2\address_is_valid$func$axi4lite_functional.sv:235$242.$result[0:0]$379
     3/133: $2\address_is_valid$func$axi4lite_functional.sv:235$242.address[3:0]$380
     4/133: $3\apply_wstrb$func$axi4lite_functional.sv:173$241.result[31:0]$353 [31:24]
     5/133: $6\apply_wstrb$func$axi4lite_functional.sv:173$241.result[23:16]$369
     6/133: $5\apply_wstrb$func$axi4lite_functional.sv:173$241.result[15:8]$368
     7/133: $4\apply_wstrb$func$axi4lite_functional.sv:173$241.result[7:0]$367
     8/133: $3\apply_wstrb$func$axi4lite_functional.sv:173$241.result[31:0]$353 [23:16]
     9/133: $3\apply_wstrb$func$axi4lite_functional.sv:173$241.result[31:0]$353 [15:8]
    10/133: $3\apply_wstrb$func$axi4lite_functional.sv:173$241.result[31:0]$353 [7:0]
    11/133: $3\apply_wstrb$func$axi4lite_functional.sv:165$240.result[31:0]$347 [31:24]
    12/133: $6\apply_wstrb$func$axi4lite_functional.sv:165$240.result[23:16]$365
    13/133: $5\apply_wstrb$func$axi4lite_functional.sv:165$240.result[15:8]$364
    14/133: $4\apply_wstrb$func$axi4lite_functional.sv:165$240.result[7:0]$363
    15/133: $3\apply_wstrb$func$axi4lite_functional.sv:165$240.result[31:0]$347 [15:8]
    16/133: $3\apply_wstrb$func$axi4lite_functional.sv:165$240.result[31:0]$347 [7:0]
    17/133: $3\apply_wstrb$func$axi4lite_functional.sv:157$239.result[31:0]$341 [31:24]
    18/133: $3\apply_wstrb$func$axi4lite_functional.sv:157$239.result[31:0]$341 [23:16]
    19/133: $6\apply_wstrb$func$axi4lite_functional.sv:157$239.result[23:16]$361
    20/133: $5\apply_wstrb$func$axi4lite_functional.sv:157$239.result[15:8]$360
    21/133: $4\apply_wstrb$func$axi4lite_functional.sv:157$239.result[7:0]$359
    22/133: $3\apply_wstrb$func$axi4lite_functional.sv:157$239.result[31:0]$341 [7:0]
    23/133: $3\apply_wstrb$func$axi4lite_functional.sv:149$238.result[31:0]$335 [31:24]
    24/133: $3\apply_wstrb$func$axi4lite_functional.sv:149$238.result[31:0]$335 [23:16]
    25/133: $3\apply_wstrb$func$axi4lite_functional.sv:149$238.result[31:0]$335 [15:8]
    26/133: $6\apply_wstrb$func$axi4lite_functional.sv:149$238.result[23:16]$357
    27/133: $5\apply_wstrb$func$axi4lite_functional.sv:149$238.result[15:8]$356
    28/133: $4\apply_wstrb$func$axi4lite_functional.sv:149$238.result[7:0]$355
    29/133: $3\apply_wstrb$func$axi4lite_functional.sv:149$238.$result[31:0]$331
    30/133: $3\apply_wstrb$func$axi4lite_functional.sv:149$238.byte_index[31:0]$336
    31/133: $7\apply_wstrb$func$axi4lite_functional.sv:173$241.result[31:24]$370
    32/133: $7\apply_wstrb$func$axi4lite_functional.sv:165$240.result[31:24]$366
    33/133: $7\apply_wstrb$func$axi4lite_functional.sv:157$239.result[31:24]$362
    34/133: $7\apply_wstrb$func$axi4lite_functional.sv:149$238.result[31:24]$358
    35/133: $3\apply_wstrb$func$axi4lite_functional.sv:149$238.strobe[3:0]$334
    36/133: $3\apply_wstrb$func$axi4lite_functional.sv:149$238.new_value[31:0]$333
    37/133: $3\apply_wstrb$func$axi4lite_functional.sv:149$238.old_value[31:0]$332
    38/133: $3\apply_wstrb$func$axi4lite_functional.sv:173$241.byte_index[31:0]$354
    39/133: $3\apply_wstrb$func$axi4lite_functional.sv:165$240.result[31:0]$347 [23:16]
    40/133: $3\apply_wstrb$func$axi4lite_functional.sv:173$241.strobe[3:0]$352
    41/133: $3\apply_wstrb$func$axi4lite_functional.sv:173$241.new_value[31:0]$351
    42/133: $3\apply_wstrb$func$axi4lite_functional.sv:173$241.old_value[31:0]$350
    43/133: $3\apply_wstrb$func$axi4lite_functional.sv:173$241.$result[31:0]$349
    44/133: $3\apply_wstrb$func$axi4lite_functional.sv:165$240.byte_index[31:0]$348
    45/133: $3\apply_wstrb$func$axi4lite_functional.sv:157$239.result[31:0]$341 [15:8]
    46/133: $3\apply_wstrb$func$axi4lite_functional.sv:165$240.strobe[3:0]$346
    47/133: $3\apply_wstrb$func$axi4lite_functional.sv:165$240.new_value[31:0]$345
    48/133: $3\apply_wstrb$func$axi4lite_functional.sv:165$240.old_value[31:0]$344
    49/133: $3\apply_wstrb$func$axi4lite_functional.sv:165$240.$result[31:0]$343
    50/133: $3\apply_wstrb$func$axi4lite_functional.sv:157$239.byte_index[31:0]$342
    51/133: $3\apply_wstrb$func$axi4lite_functional.sv:149$238.result[31:0]$335 [7:0]
    52/133: $3\apply_wstrb$func$axi4lite_functional.sv:157$239.strobe[3:0]$340
    53/133: $3\apply_wstrb$func$axi4lite_functional.sv:157$239.new_value[31:0]$339
    54/133: $3\apply_wstrb$func$axi4lite_functional.sv:157$239.old_value[31:0]$338
    55/133: $3\apply_wstrb$func$axi4lite_functional.sv:157$239.$result[31:0]$337
    56/133: $2\apply_wstrb$func$axi4lite_functional.sv:173$241.byte_index[31:0]$330
    57/133: $2\apply_wstrb$func$axi4lite_functional.sv:173$241.result[31:0]$329
    58/133: $2\apply_wstrb$func$axi4lite_functional.sv:173$241.strobe[3:0]$328
    59/133: $2\apply_wstrb$func$axi4lite_functional.sv:173$241.new_value[31:0]$327
    60/133: $2\apply_wstrb$func$axi4lite_functional.sv:173$241.old_value[31:0]$326
    61/133: $2\apply_wstrb$func$axi4lite_functional.sv:173$241.$result[31:0]$325
    62/133: $2\apply_wstrb$func$axi4lite_functional.sv:165$240.byte_index[31:0]$324
    63/133: $2\apply_wstrb$func$axi4lite_functional.sv:165$240.result[31:0]$323
    64/133: $2\apply_wstrb$func$axi4lite_functional.sv:165$240.strobe[3:0]$322
    65/133: $2\apply_wstrb$func$axi4lite_functional.sv:165$240.new_value[31:0]$321
    66/133: $2\apply_wstrb$func$axi4lite_functional.sv:165$240.old_value[31:0]$320
    67/133: $2\apply_wstrb$func$axi4lite_functional.sv:165$240.$result[31:0]$319
    68/133: $2\apply_wstrb$func$axi4lite_functional.sv:157$239.byte_index[31:0]$318
    69/133: $2\apply_wstrb$func$axi4lite_functional.sv:157$239.result[31:0]$317
    70/133: $2\apply_wstrb$func$axi4lite_functional.sv:157$239.strobe[3:0]$316
    71/133: $2\apply_wstrb$func$axi4lite_functional.sv:157$239.new_value[31:0]$315
    72/133: $2\apply_wstrb$func$axi4lite_functional.sv:157$239.old_value[31:0]$314
    73/133: $2\apply_wstrb$func$axi4lite_functional.sv:157$239.$result[31:0]$313
    74/133: $2\apply_wstrb$func$axi4lite_functional.sv:149$238.byte_index[31:0]$312
    75/133: $2\apply_wstrb$func$axi4lite_functional.sv:149$238.result[31:0]$311
    76/133: $2\apply_wstrb$func$axi4lite_functional.sv:149$238.strobe[3:0]$310
    77/133: $2\apply_wstrb$func$axi4lite_functional.sv:149$238.new_value[31:0]$309
    78/133: $2\apply_wstrb$func$axi4lite_functional.sv:149$238.old_value[31:0]$308
    79/133: $2\apply_wstrb$func$axi4lite_functional.sv:149$238.$result[31:0]$307
    80/133: $1\address_is_valid$func$axi4lite_functional.sv:235$242.address[3:0]$303
    81/133: $1\address_is_valid$func$axi4lite_functional.sv:235$242.$result[0:0]$302
    82/133: $1\apply_wstrb$func$axi4lite_functional.sv:173$241.byte_index[31:0]$301
    83/133: $1\apply_wstrb$func$axi4lite_functional.sv:173$241.result[31:0]$300
    84/133: $1\apply_wstrb$func$axi4lite_functional.sv:173$241.strobe[3:0]$299
    85/133: $1\apply_wstrb$func$axi4lite_functional.sv:173$241.new_value[31:0]$298
    86/133: $1\apply_wstrb$func$axi4lite_functional.sv:173$241.old_value[31:0]$297
    87/133: $1\apply_wstrb$func$axi4lite_functional.sv:173$241.$result[31:0]$296
    88/133: $1\apply_wstrb$func$axi4lite_functional.sv:165$240.byte_index[31:0]$295
    89/133: $1\apply_wstrb$func$axi4lite_functional.sv:165$240.result[31:0]$294
    90/133: $1\apply_wstrb$func$axi4lite_functional.sv:165$240.strobe[3:0]$293
    91/133: $1\apply_wstrb$func$axi4lite_functional.sv:165$240.new_value[31:0]$292
    92/133: $1\apply_wstrb$func$axi4lite_functional.sv:165$240.old_value[31:0]$291
    93/133: $1\apply_wstrb$func$axi4lite_functional.sv:165$240.$result[31:0]$290
    94/133: $1\apply_wstrb$func$axi4lite_functional.sv:157$239.byte_index[31:0]$289
    95/133: $1\apply_wstrb$func$axi4lite_functional.sv:157$239.result[31:0]$288
    96/133: $1\apply_wstrb$func$axi4lite_functional.sv:157$239.strobe[3:0]$287
    97/133: $1\apply_wstrb$func$axi4lite_functional.sv:157$239.new_value[31:0]$286
    98/133: $1\apply_wstrb$func$axi4lite_functional.sv:157$239.old_value[31:0]$285
    99/133: $1\apply_wstrb$func$axi4lite_functional.sv:157$239.$result[31:0]$284
   100/133: $1\apply_wstrb$func$axi4lite_functional.sv:149$238.byte_index[31:0]$283
   101/133: $1\apply_wstrb$func$axi4lite_functional.sv:149$238.result[31:0]$282
   102/133: $1\apply_wstrb$func$axi4lite_functional.sv:149$238.strobe[3:0]$281
   103/133: $1\apply_wstrb$func$axi4lite_functional.sv:149$238.new_value[31:0]$280
   104/133: $1\apply_wstrb$func$axi4lite_functional.sv:149$238.old_value[31:0]$279
   105/133: $1\apply_wstrb$func$axi4lite_functional.sv:149$238.$result[31:0]$278
   106/133: $assert$axi4lite_functional.sv:260$404_EN
   107/133: $assert$axi4lite_functional.sv:259$402_EN
   108/133: $assert$axi4lite_functional.sv:257$400_EN
   109/133: $assert$axi4lite_functional.sv:256$398_EN
   110/133: $assert$axi4lite_functional.sv:255$396_EN
   111/133: $assert$axi4lite_functional.sv:254$394_EN
   112/133: $assert$axi4lite_functional.sv:249$391_EN
   113/133: $assert$axi4lite_functional.sv:245$389_EN
   114/133: $assert$axi4lite_functional.sv:244$387_EN
   115/133: $assert$axi4lite_functional.sv:243$386_EN
   116/133: $assert$axi4lite_functional.sv:238$384_EN
   117/133: $assert$axi4lite_functional.sv:236$382_EN
   118/133: $assert$axi4lite_functional.sv:231$377_EN
   119/133: $assert$axi4lite_functional.sv:230$375_EN
   120/133: $assert$axi4lite_functional.sv:229$373_EN
   121/133: $assert$axi4lite_functional.sv:228$371_EN
   122/133: $0\expected_read_resp[1:0]
   123/133: $0\expected_read_data[31:0]
   124/133: $0\expected_read_valid[0:0]
   125/133: $0\model_data1[31:0]
   126/133: $0\model_data0[31:0]
   127/133: $0\model_status[31:0]
   128/133: $0\model_control[31:0]
   129/133: $0\model_wstrb[3:0]
   130/133: $0\model_wdata[31:0]
   131/133: $0\model_w_pending[0:0]
   132/133: $0\model_awaddr[3:0]
   133/133: $0\model_aw_pending[0:0]
Creating decoders for process `\axi4lite_regs.$proc$axi4lite_regs.sv:256$234'.
     1/3: $0\s_axi_rvalid[0:0]
     2/3: $0\s_axi_rresp[1:0]
     3/3: $0\s_axi_rdata[31:0]
Creating decoders for process `\axi4lite_regs.$proc$axi4lite_regs.sv:147$208'.
     1/35: $0\data1_reg[31:0] [31:24]
     2/35: $0\data1_reg[31:0] [23:16]
     3/35: $0\data1_reg[31:0] [15:8]
     4/35: $0\data1_reg[31:0] [7:0]
     5/35: $0\data0_reg[31:0] [23:16]
     6/35: $0\data0_reg[31:0] [15:8]
     7/35: $0\data0_reg[31:0] [7:0]
     8/35: $0\status_reg[31:0] [23:16]
     9/35: $0\status_reg[31:0] [15:8]
    10/35: $0\status_reg[31:0] [7:0]
    11/35: $0\control_reg[31:0] [23:16]
    12/35: $0\control_reg[31:0] [15:8]
    13/35: $0\control_reg[31:0] [7:0]
    14/35: $3$fordecl_block$8.byte_index[31:0]$230
    15/35: $3$fordecl_block$6.byte_index[31:0]$229
    16/35: $3$fordecl_block$4.byte_index[31:0]$228
    17/35: $2$fordecl_block$8.byte_index[31:0]$226
    18/35: $2$fordecl_block$6.byte_index[31:0]$225
    19/35: $2$fordecl_block$4.byte_index[31:0]$224
    20/35: $2$fordecl_block$2.byte_index[31:0]$223
    21/35: $1$fordecl_block$8.byte_index[31:0]$217
    22/35: $1$fordecl_block$6.byte_index[31:0]$216
    23/35: $1$fordecl_block$4.byte_index[31:0]$215
    24/35: $1$fordecl_block$2.byte_index[31:0]$214
    25/35: $0\wstrb_hold[3:0]
    26/35: $0\wdata_hold[31:0]
    27/35: $0\w_pending[0:0]
    28/35: $0\awaddr_hold[3:0]
    29/35: $0\aw_pending[0:0]
    30/35: $0\data0_reg[31:0] [31:24]
    31/35: $0\status_reg[31:0] [31:24]
    32/35: $0\control_reg[31:0] [31:24]
    33/35: $3$fordecl_block$2.byte_index[31:0]$227
    34/35: $0\s_axi_bvalid[0:0]
    35/35: $0\s_axi_bresp[1:0]
Creating decoders for process `\axi4lite_properties.$proc$axi4lite_properties.sv:61$199'.
Creating decoders for process `\axi4lite_properties.$proc$axi4lite_properties.sv:60$198'.
Creating decoders for process `\axi4lite_properties.$proc$axi4lite_properties.sv:59$197'.
Creating decoders for process `\axi4lite_properties.$proc$axi4lite_properties.sv:58$196'.
Creating decoders for process `\axi4lite_properties.$proc$axi4lite_properties.sv:57$195'.
Creating decoders for process `\axi4lite_properties.$proc$axi4lite_properties.sv:36$194'.
Creating decoders for process `\axi4lite_properties.$proc$axi4lite_properties.sv:79$92'.
     1/47: $cover$axi4lite_properties.sv:316$187_EN
     2/47: $cover$axi4lite_properties.sv:315$184_EN
     3/47: $cover$axi4lite_properties.sv:308$179_EN
     4/47: $cover$axi4lite_properties.sv:305$177_EN
     5/47: $cover$axi4lite_properties.sv:304$175_EN
     6/47: $cover$axi4lite_properties.sv:303$173_EN
     7/47: $cover$axi4lite_properties.sv:300$170_EN
     8/47: $cover$axi4lite_properties.sv:299$167_EN
     9/47: $cover$axi4lite_properties.sv:298$164_EN
    10/47: $cover$axi4lite_properties.sv:297$161_EN
    11/47: $cover$axi4lite_properties.sv:296$158_EN
    12/47: $cover$axi4lite_properties.sv:293$157_EN
    13/47: $cover$axi4lite_properties.sv:292$156_EN
    14/47: $cover$axi4lite_properties.sv:291$155_EN
    15/47: $cover$axi4lite_properties.sv:290$154_EN
    16/47: $cover$axi4lite_properties.sv:289$153_EN
    17/47: $assert$axi4lite_properties.sv:273$149_EN
    18/47: $assert$axi4lite_properties.sv:269$148_EN
    19/47: $assert$axi4lite_properties.sv:265$147_EN
    20/47: $assert$axi4lite_properties.sv:259$145_EN
    21/47: $assert$axi4lite_properties.sv:255$144_EN
    22/47: $assert$axi4lite_properties.sv:247$142_EN
    23/47: $assert$axi4lite_properties.sv:234$140_EN
    24/47: $assert$axi4lite_properties.sv:219$136_EN
    25/47: $assert$axi4lite_properties.sv:215$135_EN
    26/47: $assert$axi4lite_properties.sv:208$133_EN
    27/47: $assert$axi4lite_properties.sv:207$131_EN
    28/47: $assert$axi4lite_properties.sv:202$129_EN
    29/47: $assert$axi4lite_properties.sv:201$127_EN
    30/47: $assert$axi4lite_properties.sv:193$125_EN
    31/47: $assert$axi4lite_properties.sv:187$124_EN
    32/47: $assert$axi4lite_properties.sv:175$122_EN
    33/47: $assert$axi4lite_properties.sv:174$120_EN
    34/47: $assert$axi4lite_properties.sv:170$118_EN
    35/47: $assert$axi4lite_properties.sv:166$116_EN
    36/47: $assert$axi4lite_properties.sv:162$112_EN
    37/47: $assert$axi4lite_properties.sv:159$109_EN
    38/47: $assert$axi4lite_properties.sv:147$107_EN
    39/47: $assert$axi4lite_properties.sv:146$105_EN
    40/47: $assert$axi4lite_properties.sv:145$104_EN
    41/47: $assert$axi4lite_properties.sv:140$102_EN
    42/47: $assert$axi4lite_properties.sv:139$101_EN
    43/47: $0\read_request_open[0:0]
    44/47: $0\write_wait_cycle[0:0]
    45/47: $0\write_request_open[0:0]
    46/47: $0\w_seen[0:0]
    47/47: $0\aw_seen[0:0]
Creating decoders for process `\axi4lite_assumption_audit.$proc$axi4lite_assumption_audit.sv:19$75'.
Creating decoders for process `\axi4lite_assumption_audit.$proc$axi4lite_assumption_audit.sv:21$47'.
     1/7: $assert$axi4lite_assumption_audit.sv:39$67_EN
     2/7: $assert$axi4lite_assumption_audit.sv:38$66_EN
     3/7: $assert$axi4lite_assumption_audit.sv:34$64_EN
     4/7: $assert$axi4lite_assumption_audit.sv:33$62_EN
     5/7: $assert$axi4lite_assumption_audit.sv:32$61_EN
     6/7: $assert$axi4lite_assumption_audit.sv:28$59_EN
     7/7: $assert$axi4lite_assumption_audit.sv:27$58_EN
Creating decoders for process `\axi4lite_formal.$proc$axi4lite_formal.sv:88$38'.
Creating decoders for process `\axi4lite_formal.$proc$axi4lite_formal.sv:4$37'.
Creating decoders for process `\axi4lite_formal.$proc$axi4lite_formal.sv:90$23'.
     1/4: $assert$axi4lite_formal.sv:102$33_EN
     2/4: $assert$axi4lite_formal.sv:101$31_EN
     3/4: $assume$axi4lite_formal.sv:97$28_EN
     4/4: $assume$axi4lite_formal.sv:95$26_EN
Creating decoders for process `\axi4lite_formal.$proc$axi4lite_formal.sv:6$11'.

6.3.8. Executing PROC_DLATCH pass (convert process syncs to latches).

6.3.9. Executing PROC_DFF pass (convert process syncs to FFs).
Creating register for signal `\axi4lite_functional_properties.\f_past_valid' using process `\axi4lite_functional_properties.$proc$axi4lite_functional.sv:104$249'.
  created $dff cell `$procdff$2079' with positive edge clock.
Creating register for signal `\axi4lite_functional_properties.\model_aw_pending' using process `\axi4lite_functional_properties.$proc$axi4lite_functional.sv:104$249'.
  created $dff cell `$procdff$2080' with positive edge clock.
Creating register for signal `\axi4lite_functional_properties.\model_awaddr' using process `\axi4lite_functional_properties.$proc$axi4lite_functional.sv:104$249'.
  created $dff cell `$procdff$2081' with positive edge clock.
Creating register for signal `\axi4lite_functional_properties.\model_w_pending' using process `\axi4lite_functional_properties.$proc$axi4lite_functional.sv:104$249'.
  created $dff cell `$procdff$2082' with positive edge clock.
Creating register for signal `\axi4lite_functional_properties.\model_wdata' using process `\axi4lite_functional_properties.$proc$axi4lite_functional.sv:104$249'.
  created $dff cell `$procdff$2083' with positive edge clock.
Creating register for signal `\axi4lite_functional_properties.\model_wstrb' using process `\axi4lite_functional_properties.$proc$axi4lite_functional.sv:104$249'.
  created $dff cell `$procdff$2084' with positive edge clock.
Creating register for signal `\axi4lite_functional_properties.\model_control' using process `\axi4lite_functional_properties.$proc$axi4lite_functional.sv:104$249'.
  created $dff cell `$procdff$2085' with positive edge clock.
Creating register for signal `\axi4lite_functional_properties.\model_status' using process `\axi4lite_functional_properties.$proc$axi4lite_functional.sv:104$249'.
  created $dff cell `$procdff$2086' with positive edge clock.
Creating register for signal `\axi4lite_functional_properties.\model_data0' using process `\axi4lite_functional_properties.$proc$axi4lite_functional.sv:104$249'.
  created $dff cell `$procdff$2087' with positive edge clock.
Creating register for signal `\axi4lite_functional_properties.\model_data1' using process `\axi4lite_functional_properties.$proc$axi4lite_functional.sv:104$249'.
  created $dff cell `$procdff$2088' with positive edge clock.
Creating register for signal `\axi4lite_functional_properties.\expected_read_valid' using process `\axi4lite_functional_properties.$proc$axi4lite_functional.sv:104$249'.
  created $dff cell `$procdff$2089' with positive edge clock.
Creating register for signal `\axi4lite_functional_properties.\expected_read_data' using process `\axi4lite_functional_properties.$proc$axi4lite_functional.sv:104$249'.
  created $dff cell `$procdff$2090' with positive edge clock.
Creating register for signal `\axi4lite_functional_properties.\expected_read_resp' using process `\axi4lite_functional_properties.$proc$axi4lite_functional.sv:104$249'.
  created $dff cell `$procdff$2091' with positive edge clock.
Creating register for signal `\axi4lite_functional_properties.\apply_wstrb$func$axi4lite_functional.sv:149$238.$result' using process `\axi4lite_functional_properties.$proc$axi4lite_functional.sv:104$249'.
  created $dff cell `$procdff$2092' with positive edge clock.
Creating register for signal `\axi4lite_functional_properties.\apply_wstrb$func$axi4lite_functional.sv:149$238.old_value' using process `\axi4lite_functional_properties.$proc$axi4lite_functional.sv:104$249'.
  created $dff cell `$procdff$2093' with positive edge clock.
Creating register for signal `\axi4lite_functional_properties.\apply_wstrb$func$axi4lite_functional.sv:149$238.new_value' using process `\axi4lite_functional_properties.$proc$axi4lite_functional.sv:104$249'.
  created $dff cell `$procdff$2094' with positive edge clock.
Creating register for signal `\axi4lite_functional_properties.\apply_wstrb$func$axi4lite_functional.sv:149$238.strobe' using process `\axi4lite_functional_properties.$proc$axi4lite_functional.sv:104$249'.
  created $dff cell `$procdff$2095' with positive edge clock.
Creating register for signal `\axi4lite_functional_properties.\apply_wstrb$func$axi4lite_functional.sv:149$238.result' using process `\axi4lite_functional_properties.$proc$axi4lite_functional.sv:104$249'.
  created $dff cell `$procdff$2096' with positive edge clock.
Creating register for signal `\axi4lite_functional_properties.\apply_wstrb$func$axi4lite_functional.sv:149$238.byte_index' using process `\axi4lite_functional_properties.$proc$axi4lite_functional.sv:104$249'.
  created $dff cell `$procdff$2097' with positive edge clock.
Creating register for signal `\axi4lite_functional_properties.\apply_wstrb$func$axi4lite_functional.sv:157$239.$result' using process `\axi4lite_functional_properties.$proc$axi4lite_functional.sv:104$249'.
  created $dff cell `$procdff$2098' with positive edge clock.
Creating register for signal `\axi4lite_functional_properties.\apply_wstrb$func$axi4lite_functional.sv:157$239.old_value' using process `\axi4lite_functional_properties.$proc$axi4lite_functional.sv:104$249'.
  created $dff cell `$procdff$2099' with positive edge clock.
Creating register for signal `\axi4lite_functional_properties.\apply_wstrb$func$axi4lite_functional.sv:157$239.new_value' using process `\axi4lite_functional_properties.$proc$axi4lite_functional.sv:104$249'.
  created $dff cell `$procdff$2100' with positive edge clock.
Creating register for signal `\axi4lite_functional_properties.\apply_wstrb$func$axi4lite_functional.sv:157$239.strobe' using process `\axi4lite_functional_properties.$proc$axi4lite_functional.sv:104$249'.
  created $dff cell `$procdff$2101' with positive edge clock.
Creating register for signal `\axi4lite_functional_properties.\apply_wstrb$func$axi4lite_functional.sv:157$239.result' using process `\axi4lite_functional_properties.$proc$axi4lite_functional.sv:104$249'.
  created $dff cell `$procdff$2102' with positive edge clock.
Creating register for signal `\axi4lite_functional_properties.\apply_wstrb$func$axi4lite_functional.sv:157$239.byte_index' using process `\axi4lite_functional_properties.$proc$axi4lite_functional.sv:104$249'.
  created $dff cell `$procdff$2103' with positive edge clock.
Creating register for signal `\axi4lite_functional_properties.\apply_wstrb$func$axi4lite_functional.sv:165$240.$result' using process `\axi4lite_functional_properties.$proc$axi4lite_functional.sv:104$249'.
  created $dff cell `$procdff$2104' with positive edge clock.
Creating register for signal `\axi4lite_functional_properties.\apply_wstrb$func$axi4lite_functional.sv:165$240.old_value' using process `\axi4lite_functional_properties.$proc$axi4lite_functional.sv:104$249'.
  created $dff cell `$procdff$2105' with positive edge clock.
Creating register for signal `\axi4lite_functional_properties.\apply_wstrb$func$axi4lite_functional.sv:165$240.new_value' using process `\axi4lite_functional_properties.$proc$axi4lite_functional.sv:104$249'.
  created $dff cell `$procdff$2106' with positive edge clock.
Creating register for signal `\axi4lite_functional_properties.\apply_wstrb$func$axi4lite_functional.sv:165$240.strobe' using process `\axi4lite_functional_properties.$proc$axi4lite_functional.sv:104$249'.
  created $dff cell `$procdff$2107' with positive edge clock.
Creating register for signal `\axi4lite_functional_properties.\apply_wstrb$func$axi4lite_functional.sv:165$240.result' using process `\axi4lite_functional_properties.$proc$axi4lite_functional.sv:104$249'.
  created $dff cell `$procdff$2108' with positive edge clock.
Creating register for signal `\axi4lite_functional_properties.\apply_wstrb$func$axi4lite_functional.sv:165$240.byte_index' using process `\axi4lite_functional_properties.$proc$axi4lite_functional.sv:104$249'.
  created $dff cell `$procdff$2109' with positive edge clock.
Creating register for signal `\axi4lite_functional_properties.\apply_wstrb$func$axi4lite_functional.sv:173$241.$result' using process `\axi4lite_functional_properties.$proc$axi4lite_functional.sv:104$249'.
  created $dff cell `$procdff$2110' with positive edge clock.
Creating register for signal `\axi4lite_functional_properties.\apply_wstrb$func$axi4lite_functional.sv:173$241.old_value' using process `\axi4lite_functional_properties.$proc$axi4lite_functional.sv:104$249'.
  created $dff cell `$procdff$2111' with positive edge clock.
Creating register for signal `\axi4lite_functional_properties.\apply_wstrb$func$axi4lite_functional.sv:173$241.new_value' using process `\axi4lite_functional_properties.$proc$axi4lite_functional.sv:104$249'.
  created $dff cell `$procdff$2112' with positive edge clock.
Creating register for signal `\axi4lite_functional_properties.\apply_wstrb$func$axi4lite_functional.sv:173$241.strobe' using process `\axi4lite_functional_properties.$proc$axi4lite_functional.sv:104$249'.
  created $dff cell `$procdff$2113' with positive edge clock.
Creating register for signal `\axi4lite_functional_properties.\apply_wstrb$func$axi4lite_functional.sv:173$241.result' using process `\axi4lite_functional_properties.$proc$axi4lite_functional.sv:104$249'.
  created $dff cell `$procdff$2114' with positive edge clock.
Creating register for signal `\axi4lite_functional_properties.\apply_wstrb$func$axi4lite_functional.sv:173$241.byte_index' using process `\axi4lite_functional_properties.$proc$axi4lite_functional.sv:104$249'.
  created $dff cell `$procdff$2115' with positive edge clock.
Creating register for signal `\axi4lite_functional_properties.\address_is_valid$func$axi4lite_functional.sv:235$242.$result' using process `\axi4lite_functional_properties.$proc$axi4lite_functional.sv:104$249'.
  created $dff cell `$procdff$2116' with positive edge clock.
Creating register for signal `\axi4lite_functional_properties.\address_is_valid$func$axi4lite_functional.sv:235$242.address' using process `\axi4lite_functional_properties.$proc$axi4lite_functional.sv:104$249'.
  created $dff cell `$procdff$2117' with positive edge clock.
Creating register for signal `\axi4lite_functional_properties.$past$axi4lite_functional.sv:253$243$0' using process `\axi4lite_functional_properties.$proc$axi4lite_functional.sv:104$249'.
  created $dff cell `$procdff$2118' with positive edge clock.
Creating register for signal `\axi4lite_regs.\s_axi_rdata' using process `\axi4lite_regs.$proc$axi4lite_regs.sv:256$234'.
  created $dff cell `$procdff$2119' with positive edge clock.
Creating register for signal `\axi4lite_regs.\s_axi_rresp' using process `\axi4lite_regs.$proc$axi4lite_regs.sv:256$234'.
  created $dff cell `$procdff$2120' with positive edge clock.
Creating register for signal `\axi4lite_regs.\s_axi_rvalid' using process `\axi4lite_regs.$proc$axi4lite_regs.sv:256$234'.
  created $dff cell `$procdff$2121' with positive edge clock.
Creating register for signal `\axi4lite_regs.\s_axi_bresp' using process `\axi4lite_regs.$proc$axi4lite_regs.sv:147$208'.
  created $dff cell `$procdff$2122' with positive edge clock.
Creating register for signal `\axi4lite_regs.\s_axi_bvalid' using process `\axi4lite_regs.$proc$axi4lite_regs.sv:147$208'.
  created $dff cell `$procdff$2123' with positive edge clock.
Creating register for signal `\axi4lite_regs.\control_reg' using process `\axi4lite_regs.$proc$axi4lite_regs.sv:147$208'.
  created $dff cell `$procdff$2124' with positive edge clock.
Creating register for signal `\axi4lite_regs.\status_reg' using process `\axi4lite_regs.$proc$axi4lite_regs.sv:147$208'.
  created $dff cell `$procdff$2125' with positive edge clock.
Creating register for signal `\axi4lite_regs.\data0_reg' using process `\axi4lite_regs.$proc$axi4lite_regs.sv:147$208'.
  created $dff cell `$procdff$2126' with positive edge clock.
Creating register for signal `\axi4lite_regs.\data1_reg' using process `\axi4lite_regs.$proc$axi4lite_regs.sv:147$208'.
  created $dff cell `$procdff$2127' with positive edge clock.
Creating register for signal `\axi4lite_regs.\aw_pending' using process `\axi4lite_regs.$proc$axi4lite_regs.sv:147$208'.
  created $dff cell `$procdff$2128' with positive edge clock.
Creating register for signal `\axi4lite_regs.\awaddr_hold' using process `\axi4lite_regs.$proc$axi4lite_regs.sv:147$208'.
  created $dff cell `$procdff$2129' with positive edge clock.
Creating register for signal `\axi4lite_regs.\w_pending' using process `\axi4lite_regs.$proc$axi4lite_regs.sv:147$208'.
  created $dff cell `$procdff$2130' with positive edge clock.
Creating register for signal `\axi4lite_regs.\wdata_hold' using process `\axi4lite_regs.$proc$axi4lite_regs.sv:147$208'.
  created $dff cell `$procdff$2131' with positive edge clock.
Creating register for signal `\axi4lite_regs.\wstrb_hold' using process `\axi4lite_regs.$proc$axi4lite_regs.sv:147$208'.
  created $dff cell `$procdff$2132' with positive edge clock.
Creating register for signal `\axi4lite_regs.$fordecl_block$2.byte_index' using process `\axi4lite_regs.$proc$axi4lite_regs.sv:147$208'.
  created $dff cell `$procdff$2133' with positive edge clock.
Creating register for signal `\axi4lite_regs.$fordecl_block$4.byte_index' using process `\axi4lite_regs.$proc$axi4lite_regs.sv:147$208'.
  created $dff cell `$procdff$2134' with positive edge clock.
Creating register for signal `\axi4lite_regs.$fordecl_block$6.byte_index' using process `\axi4lite_regs.$proc$axi4lite_regs.sv:147$208'.
  created $dff cell `$procdff$2135' with positive edge clock.
Creating register for signal `\axi4lite_regs.$fordecl_block$8.byte_index' using process `\axi4lite_regs.$proc$axi4lite_regs.sv:147$208'.
  created $dff cell `$procdff$2136' with positive edge clock.
Creating register for signal `\axi4lite_properties.\f_past_valid' using process `\axi4lite_properties.$proc$axi4lite_properties.sv:79$92'.
  created $dff cell `$procdff$2137' with positive edge clock.
Creating register for signal `\axi4lite_properties.\aw_seen' using process `\axi4lite_properties.$proc$axi4lite_properties.sv:79$92'.
  created $dff cell `$procdff$2138' with positive edge clock.
Creating register for signal `\axi4lite_properties.\w_seen' using process `\axi4lite_properties.$proc$axi4lite_properties.sv:79$92'.
  created $dff cell `$procdff$2139' with positive edge clock.
Creating register for signal `\axi4lite_properties.\write_request_open' using process `\axi4lite_properties.$proc$axi4lite_properties.sv:79$92'.
  created $dff cell `$procdff$2140' with positive edge clock.
Creating register for signal `\axi4lite_properties.\write_wait_cycle' using process `\axi4lite_properties.$proc$axi4lite_properties.sv:79$92'.
  created $dff cell `$procdff$2141' with positive edge clock.
Creating register for signal `\axi4lite_properties.\read_request_open' using process `\axi4lite_properties.$proc$axi4lite_properties.sv:79$92'.
  created $dff cell `$procdff$2142' with positive edge clock.
Creating register for signal `\axi4lite_properties.$past$axi4lite_properties.sv:99$76$0' using process `\axi4lite_properties.$proc$axi4lite_properties.sv:79$92'.
  created $dff cell `$procdff$2143' with positive edge clock.
Creating register for signal `\axi4lite_properties.$past$axi4lite_properties.sv:138$77$0' using process `\axi4lite_properties.$proc$axi4lite_properties.sv:79$92'.
  created $dff cell `$procdff$2144' with positive edge clock.
Creating register for signal `\axi4lite_properties.$past$axi4lite_properties.sv:140$78$0' using process `\axi4lite_properties.$proc$axi4lite_properties.sv:79$92'.
  created $dff cell `$procdff$2145' with positive edge clock.
Creating register for signal `\axi4lite_properties.$past$axi4lite_properties.sv:144$79$0' using process `\axi4lite_properties.$proc$axi4lite_properties.sv:79$92'.
  created $dff cell `$procdff$2146' with positive edge clock.
Creating register for signal `\axi4lite_properties.$past$axi4lite_properties.sv:146$80$0' using process `\axi4lite_properties.$proc$axi4lite_properties.sv:79$92'.
  created $dff cell `$procdff$2147' with positive edge clock.
Creating register for signal `\axi4lite_properties.$past$axi4lite_properties.sv:147$81$0' using process `\axi4lite_properties.$proc$axi4lite_properties.sv:79$92'.
  created $dff cell `$procdff$2148' with positive edge clock.
Creating register for signal `\axi4lite_assumption_audit.\f_past_valid' using process `\axi4lite_assumption_audit.$proc$axi4lite_assumption_audit.sv:21$47'.
  created $dff cell `$procdff$2149' with positive edge clock.
Creating register for signal `\axi4lite_assumption_audit.$past$axi4lite_assumption_audit.sv:24$39$0' using process `\axi4lite_assumption_audit.$proc$axi4lite_assumption_audit.sv:21$47'.
  created $dff cell `$procdff$2150' with positive edge clock.
Creating register for signal `\axi4lite_assumption_audit.$past$axi4lite_assumption_audit.sv:26$40$0' using process `\axi4lite_assumption_audit.$proc$axi4lite_assumption_audit.sv:21$47'.
  created $dff cell `$procdff$2151' with positive edge clock.
Creating register for signal `\axi4lite_assumption_audit.$past$axi4lite_assumption_audit.sv:28$41$0' using process `\axi4lite_assumption_audit.$proc$axi4lite_assumption_audit.sv:21$47'.
  created $dff cell `$procdff$2152' with positive edge clock.
Creating register for signal `\axi4lite_assumption_audit.$past$axi4lite_assumption_audit.sv:31$42$0' using process `\axi4lite_assumption_audit.$proc$axi4lite_assumption_audit.sv:21$47'.
  created $dff cell `$procdff$2153' with positive edge clock.
Creating register for signal `\axi4lite_assumption_audit.$past$axi4lite_assumption_audit.sv:33$43$0' using process `\axi4lite_assumption_audit.$proc$axi4lite_assumption_audit.sv:21$47'.
  created $dff cell `$procdff$2154' with positive edge clock.
Creating register for signal `\axi4lite_assumption_audit.$past$axi4lite_assumption_audit.sv:34$44$0' using process `\axi4lite_assumption_audit.$proc$axi4lite_assumption_audit.sv:21$47'.
  created $dff cell `$procdff$2155' with positive edge clock.
Creating register for signal `\axi4lite_assumption_audit.$past$axi4lite_assumption_audit.sv:37$45$0' using process `\axi4lite_assumption_audit.$proc$axi4lite_assumption_audit.sv:21$47'.
  created $dff cell `$procdff$2156' with positive edge clock.
Creating register for signal `\axi4lite_assumption_audit.$past$axi4lite_assumption_audit.sv:39$46$0' using process `\axi4lite_assumption_audit.$proc$axi4lite_assumption_audit.sv:21$47'.
  created $dff cell `$procdff$2157' with positive edge clock.
Creating register for signal `\axi4lite_formal.\f_past_valid' using process `\axi4lite_formal.$proc$axi4lite_formal.sv:90$23'.
  created $dff cell `$procdff$2158' with positive edge clock.
Creating register for signal `\axi4lite_formal.$past$axi4lite_formal.sv:100$10$0' using process `\axi4lite_formal.$proc$axi4lite_formal.sv:90$23'.
  created $dff cell `$procdff$2159' with positive edge clock.
Creating register for signal `\axi4lite_formal.\aclk' using process `\axi4lite_formal.$proc$axi4lite_formal.sv:6$11'.
  created $ff cell `$procdff$2160' with global clock.

6.3.10. Executing PROC_MEMWR pass (convert process memory writes to cells).

6.3.11. Executing PROC_CLEAN pass (remove empty switches from decision trees).
Removing empty process `axi4lite_functional_properties.$proc$axi4lite_functional.sv:62$418'.
Removing empty process `axi4lite_functional_properties.$proc$axi4lite_functional.sv:61$417'.
Removing empty process `axi4lite_functional_properties.$proc$axi4lite_functional.sv:60$416'.
Removing empty process `axi4lite_functional_properties.$proc$axi4lite_functional.sv:57$415'.
Removing empty process `axi4lite_functional_properties.$proc$axi4lite_functional.sv:56$414'.
Removing empty process `axi4lite_functional_properties.$proc$axi4lite_functional.sv:55$413'.
Removing empty process `axi4lite_functional_properties.$proc$axi4lite_functional.sv:54$412'.
Removing empty process `axi4lite_functional_properties.$proc$axi4lite_functional.sv:51$411'.
Removing empty process `axi4lite_functional_properties.$proc$axi4lite_functional.sv:50$410'.
Removing empty process `axi4lite_functional_properties.$proc$axi4lite_functional.sv:49$409'.
Removing empty process `axi4lite_functional_properties.$proc$axi4lite_functional.sv:47$408'.
Removing empty process `axi4lite_functional_properties.$proc$axi4lite_functional.sv:46$407'.
Removing empty process `axi4lite_functional_properties.$proc$axi4lite_functional.sv:37$406'.
Found and cleaned up 30 empty switches in `\axi4lite_functional_properties.$proc$axi4lite_functional.sv:104$249'.
Removing empty process `axi4lite_functional_properties.$proc$axi4lite_functional.sv:104$249'.
Found and cleaned up 4 empty switches in `\axi4lite_regs.$proc$axi4lite_regs.sv:256$234'.
Removing empty process `axi4lite_regs.$proc$axi4lite_regs.sv:256$234'.
Found and cleaned up 22 empty switches in `\axi4lite_regs.$proc$axi4lite_regs.sv:147$208'.
Removing empty process `axi4lite_regs.$proc$axi4lite_regs.sv:147$208'.
Removing empty process `axi4lite_properties.$proc$axi4lite_properties.sv:61$199'.
Removing empty process `axi4lite_properties.$proc$axi4lite_properties.sv:60$198'.
Removing empty process `axi4lite_properties.$proc$axi4lite_properties.sv:59$197'.
Removing empty process `axi4lite_properties.$proc$axi4lite_properties.sv:58$196'.
Removing empty process `axi4lite_properties.$proc$axi4lite_properties.sv:57$195'.
Removing empty process `axi4lite_properties.$proc$axi4lite_properties.sv:36$194'.
Found and cleaned up 22 empty switches in `\axi4lite_properties.$proc$axi4lite_properties.sv:79$92'.
Removing empty process `axi4lite_properties.$proc$axi4lite_properties.sv:79$92'.
Removing empty process `axi4lite_assumption_audit.$proc$axi4lite_assumption_audit.sv:19$75'.
Found and cleaned up 4 empty switches in `\axi4lite_assumption_audit.$proc$axi4lite_assumption_audit.sv:21$47'.
Removing empty process `axi4lite_assumption_audit.$proc$axi4lite_assumption_audit.sv:21$47'.
Removing empty process `axi4lite_formal.$proc$axi4lite_formal.sv:88$38'.
Removing empty process `axi4lite_formal.$proc$axi4lite_formal.sv:4$37'.
Found and cleaned up 2 empty switches in `\axi4lite_formal.$proc$axi4lite_formal.sv:90$23'.
Removing empty process `axi4lite_formal.$proc$axi4lite_formal.sv:90$23'.
Removing empty process `axi4lite_formal.$proc$axi4lite_formal.sv:6$11'.
Cleaned up 84 empty switches.

6.3.12. Executing OPT_EXPR pass (perform const folding).
Optimizing module axi4lite_functional_properties.
<suppressed ~149 debug messages>
Optimizing module axi4lite_regs.
<suppressed ~46 debug messages>
Optimizing module axi4lite_properties.
<suppressed ~34 debug messages>
Optimizing module axi4lite_assumption_audit.
Optimizing module axi4lite_formal.
<suppressed ~2 debug messages>

6.4. Executing FUTURE pass.

6.5. Executing OPT_EXPR pass (perform const folding).
Optimizing module axi4lite_functional_properties.
Optimizing module axi4lite_regs.
Optimizing module axi4lite_properties.
Optimizing module axi4lite_assumption_audit.
Optimizing module axi4lite_formal.

6.6. Executing OPT_CLEAN pass (remove unused cells and wires).
Finding unused cells or wires in module \axi4lite_functional_properties..
Finding unused cells or wires in module \axi4lite_regs..
Finding unused cells or wires in module \axi4lite_properties..
Finding unused cells or wires in module \axi4lite_assumption_audit..
Finding unused cells or wires in module \axi4lite_formal..
Removed 286 unused cells and 1063 unused wires.
<suppressed ~313 debug messages>

6.7. Executing CHECK pass (checking for obvious problems).
Checking module axi4lite_functional_properties...
Checking module axi4lite_regs...
Checking module axi4lite_properties...
Checking module axi4lite_assumption_audit...
Checking module axi4lite_formal...
Found and reported 0 problems.

6.8. Executing OPT pass (performing simple optimizations).

6.8.1. Executing OPT_EXPR pass (perform const folding).
Optimizing module axi4lite_functional_properties.
Optimizing module axi4lite_regs.
Optimizing module axi4lite_properties.
Optimizing module axi4lite_assumption_audit.
Optimizing module axi4lite_formal.

6.8.2. Executing OPT_MERGE pass (detect identical cells).
Finding identical cells in module `\axi4lite_functional_properties'.
Computing hashes of 210 cells of `\axi4lite_functional_properties'.
Finding duplicate cells in `\axi4lite_functional_properties'.
Computing hashes of 185 cells of `\axi4lite_functional_properties'.
Finding duplicate cells in `\axi4lite_functional_properties'.
<suppressed ~75 debug messages>
Finding identical cells in module `\axi4lite_regs'.
Computing hashes of 152 cells of `\axi4lite_regs'.
Finding duplicate cells in `\axi4lite_regs'.
Computing hashes of 130 cells of `\axi4lite_regs'.
Finding duplicate cells in `\axi4lite_regs'.
<suppressed ~66 debug messages>
Finding identical cells in module `\axi4lite_properties'.
Computing hashes of 217 cells of `\axi4lite_properties'.
Finding duplicate cells in `\axi4lite_properties'.
Computing hashes of 208 cells of `\axi4lite_properties'.
Finding duplicate cells in `\axi4lite_properties'.
Computing hashes of 206 cells of `\axi4lite_properties'.
Finding duplicate cells in `\axi4lite_properties'.
<suppressed ~33 debug messages>
Finding identical cells in module `\axi4lite_assumption_audit'.
Computing hashes of 42 cells of `\axi4lite_assumption_audit'.
Finding duplicate cells in `\axi4lite_assumption_audit'.
Finding identical cells in module `\axi4lite_formal'.
Computing hashes of 32 cells of `\axi4lite_formal'.
Finding duplicate cells in `\axi4lite_formal'.
Removed a total of 58 cells.

6.8.3. Executing OPT_MUXTREE pass (detect dead branches in mux trees).
Running muxtree optimizer on module \axi4lite_functional_properties..
  Creating internal representation of mux trees.
  Evaluating internal representation of mux trees.
  Analyzing evaluation results.
    dead port 2/2 on $mux $procmux$784.
    dead port 2/2 on $mux $procmux$781.
    dead port 2/2 on $mux $procmux$779.
    dead port 2/2 on $mux $procmux$771.
    dead port 2/2 on $mux $procmux$768.
    dead port 2/2 on $mux $procmux$766.
    dead port 2/2 on $mux $procmux$735.
    dead port 2/2 on $mux $procmux$732.
    dead port 2/2 on $mux $procmux$730.
    dead port 2/2 on $mux $procmux$720.
    dead port 2/2 on $mux $procmux$717.
    dead port 2/2 on $mux $procmux$715.
    dead port 2/2 on $mux $procmux$705.
    dead port 2/2 on $mux $procmux$702.
    dead port 2/2 on $mux $procmux$700.
    dead port 2/2 on $mux $procmux$643.
    dead port 2/2 on $mux $procmux$640.
    dead port 2/2 on $mux $procmux$638.
    dead port 2/2 on $mux $procmux$629.
    dead port 2/2 on $mux $procmux$626.
    dead port 2/2 on $mux $procmux$624.
    dead port 2/2 on $mux $procmux$615.
    dead port 2/2 on $mux $procmux$612.
    dead port 2/2 on $mux $procmux$610.
    dead port 2/2 on $mux $procmux$559.
    dead port 2/2 on $mux $procmux$556.
    dead port 2/2 on $mux $procmux$554.
    dead port 2/2 on $mux $procmux$546.
    dead port 2/2 on $mux $procmux$543.
    dead port 2/2 on $mux $procmux$541.
    dead port 2/2 on $mux $procmux$533.
    dead port 2/2 on $mux $procmux$530.
    dead port 2/2 on $mux $procmux$528.
    dead port 2/2 on $mux $procmux$483.
    dead port 2/2 on $mux $procmux$480.
    dead port 2/2 on $mux $procmux$478.
    dead port 2/2 on $mux $procmux$471.
    dead port 2/2 on $mux $procmux$468.
    dead port 2/2 on $mux $procmux$466.
    dead port 2/2 on $mux $procmux$813.
    dead port 2/2 on $mux $procmux$459.
    dead port 2/2 on $mux $procmux$456.
    dead port 2/2 on $mux $procmux$454.
    dead port 2/2 on $mux $procmux$810.
    dead port 2/2 on $mux $procmux$808.
    dead port 2/2 on $mux $procmux$798.
    dead port 2/2 on $mux $procmux$795.
    dead port 2/2 on $mux $procmux$793.
Running muxtree optimizer on module \axi4lite_regs..
  Creating internal representation of mux trees.
  Evaluating internal representation of mux trees.
  Analyzing evaluation results.
Running muxtree optimizer on module \axi4lite_properties..
  Creating internal representation of mux trees.
  Evaluating internal representation of mux trees.
  Analyzing evaluation results.
Running muxtree optimizer on module \axi4lite_assumption_audit..
  Creating internal representation of mux trees.
  Evaluating internal representation of mux trees.
  Analyzing evaluation results.
Running muxtree optimizer on module \axi4lite_formal..
  Creating internal representation of mux trees.
  Evaluating internal representation of mux trees.
  Analyzing evaluation results.
Removed 48 multiplexer ports.
<suppressed ~447 debug messages>

6.8.4. Executing OPT_REDUCE pass (consolidate $*mux and $reduce_* inputs).
  Optimizing cells in module \axi4lite_functional_properties.
    New ctrl vector for $pmux cell $procmux$1320: $auto$opt_reduce.cc:137:opt_pmux$2162
  Optimizing cells in module \axi4lite_functional_properties.
  Optimizing cells in module \axi4lite_regs.
    New ctrl vector for $pmux cell $procmux$1774: $auto$opt_reduce.cc:137:opt_pmux$2164
    New ctrl vector for $pmux cell $procmux$1433: $auto$opt_reduce.cc:137:opt_pmux$2166
  Optimizing cells in module \axi4lite_regs.
  Optimizing cells in module \axi4lite_properties.
  Optimizing cells in module \axi4lite_assumption_audit.
  Optimizing cells in module \axi4lite_formal.
Performed a total of 3 changes.

6.8.5. Executing OPT_MERGE pass (detect identical cells).
Finding identical cells in module `\axi4lite_functional_properties'.
Computing hashes of 138 cells of `\axi4lite_functional_properties'.
Finding duplicate cells in `\axi4lite_functional_properties'.
Computing hashes of 128 cells of `\axi4lite_functional_properties'.
Finding duplicate cells in `\axi4lite_functional_properties'.
Computing hashes of 126 cells of `\axi4lite_functional_properties'.
Finding duplicate cells in `\axi4lite_functional_properties'.
<suppressed ~36 debug messages>
Finding identical cells in module `\axi4lite_regs'.
Computing hashes of 132 cells of `\axi4lite_regs'.
Finding duplicate cells in `\axi4lite_regs'.
Finding identical cells in module `\axi4lite_properties'.
Computing hashes of 206 cells of `\axi4lite_properties'.
Finding duplicate cells in `\axi4lite_properties'.
Computing hashes of 179 cells of `\axi4lite_properties'.
Finding duplicate cells in `\axi4lite_properties'.
Computing hashes of 170 cells of `\axi4lite_properties'.
Finding duplicate cells in `\axi4lite_properties'.
Computing hashes of 165 cells of `\axi4lite_properties'.
Finding duplicate cells in `\axi4lite_properties'.
Computing hashes of 163 cells of `\axi4lite_properties'.
Finding duplicate cells in `\axi4lite_properties'.
<suppressed ~129 debug messages>
Finding identical cells in module `\axi4lite_assumption_audit'.
Computing hashes of 42 cells of `\axi4lite_assumption_audit'.
Finding duplicate cells in `\axi4lite_assumption_audit'.
Computing hashes of 38 cells of `\axi4lite_assumption_audit'.
Finding duplicate cells in `\axi4lite_assumption_audit'.
Computing hashes of 34 cells of `\axi4lite_assumption_audit'.
Finding duplicate cells in `\axi4lite_assumption_audit'.
<suppressed ~24 debug messages>
Finding identical cells in module `\axi4lite_formal'.
Computing hashes of 32 cells of `\axi4lite_formal'.
Finding duplicate cells in `\axi4lite_formal'.
Computing hashes of 31 cells of `\axi4lite_formal'.
Finding duplicate cells in `\axi4lite_formal'.
<suppressed ~3 debug messages>
Removed a total of 64 cells.

6.8.6. Executing OPT_CLEAN pass (remove unused cells and wires).
Finding unused cells or wires in module \axi4lite_functional_properties..
Finding unused cells or wires in module \axi4lite_regs..
Finding unused cells or wires in module \axi4lite_properties..
Finding unused cells or wires in module \axi4lite_assumption_audit..
Finding unused cells or wires in module \axi4lite_formal..
Removed 0 unused cells and 167 unused wires.
<suppressed ~5 debug messages>

6.8.7. Executing OPT_EXPR pass (perform const folding).
Optimizing module axi4lite_functional_properties.
Optimizing module axi4lite_regs.
Optimizing module axi4lite_properties.
Optimizing module axi4lite_assumption_audit.
Optimizing module axi4lite_formal.

6.8.8. Rerunning OPT passes. (Maybe there is more to do..)

6.8.9. Executing OPT_MUXTREE pass (detect dead branches in mux trees).
Running muxtree optimizer on module \axi4lite_functional_properties..
  Creating internal representation of mux trees.
  Evaluating internal representation of mux trees.
  Analyzing evaluation results.
Running muxtree optimizer on module \axi4lite_regs..
  Creating internal representation of mux trees.
  Evaluating internal representation of mux trees.
  Analyzing evaluation results.
Running muxtree optimizer on module \axi4lite_properties..
  Creating internal representation of mux trees.
  Evaluating internal representation of mux trees.
  Analyzing evaluation results.
Running muxtree optimizer on module \axi4lite_assumption_audit..
  Creating internal representation of mux trees.
  Evaluating internal representation of mux trees.
  Analyzing evaluation results.
Running muxtree optimizer on module \axi4lite_formal..
  Creating internal representation of mux trees.
  Evaluating internal representation of mux trees.
  Analyzing evaluation results.
Removed 0 multiplexer ports.
<suppressed ~297 debug messages>

6.8.10. Executing OPT_REDUCE pass (consolidate $*mux and $reduce_* inputs).
  Optimizing cells in module \axi4lite_functional_properties.
  Optimizing cells in module \axi4lite_regs.
  Optimizing cells in module \axi4lite_properties.
  Optimizing cells in module \axi4lite_assumption_audit.
  Optimizing cells in module \axi4lite_formal.
Performed a total of 0 changes.

6.8.11. Executing OPT_MERGE pass (detect identical cells).
Finding identical cells in module `\axi4lite_functional_properties'.
Computing hashes of 126 cells of `\axi4lite_functional_properties'.
Finding duplicate cells in `\axi4lite_functional_properties'.
Finding identical cells in module `\axi4lite_regs'.
Computing hashes of 132 cells of `\axi4lite_regs'.
Finding duplicate cells in `\axi4lite_regs'.
Finding identical cells in module `\axi4lite_properties'.
Computing hashes of 163 cells of `\axi4lite_properties'.
Finding duplicate cells in `\axi4lite_properties'.
Finding identical cells in module `\axi4lite_assumption_audit'.
Computing hashes of 34 cells of `\axi4lite_assumption_audit'.
Finding duplicate cells in `\axi4lite_assumption_audit'.
Finding identical cells in module `\axi4lite_formal'.
Computing hashes of 31 cells of `\axi4lite_formal'.
Finding duplicate cells in `\axi4lite_formal'.
Removed a total of 0 cells.

6.8.12. Executing OPT_CLEAN pass (remove unused cells and wires).
Finding unused cells or wires in module \axi4lite_functional_properties..
Finding unused cells or wires in module \axi4lite_regs..
Finding unused cells or wires in module \axi4lite_properties..
Finding unused cells or wires in module \axi4lite_assumption_audit..
Finding unused cells or wires in module \axi4lite_formal..

6.8.13. Executing OPT_EXPR pass (perform const folding).
Optimizing module axi4lite_functional_properties.
Optimizing module axi4lite_regs.
Optimizing module axi4lite_properties.
Optimizing module axi4lite_assumption_audit.
Optimizing module axi4lite_formal.

6.8.14. Finished fast OPT passes. (There is nothing left to do.)

6.9. Executing WREDUCE pass (reducing word size of cells).
Removed top 1 bits (of 4) from port B of cell axi4lite_functional_properties.$procmux$794_CMP0 ($eq).
Removed top 1 bits (of 4) from port B of cell axi4lite_functional_properties.$procmux$1323_CMP0 ($eq).
Removed top 1 bits (of 4) from port B of cell axi4lite_regs.$procmux$1448_CMP0 ($eq).
Removed top 1 bits (of 4) from port B of cell axi4lite_regs.$procmux$1732_CMP0 ($eq).

6.10. Executing OPT_CLEAN pass (remove unused cells and wires).
Finding unused cells or wires in module \axi4lite_functional_properties..
Finding unused cells or wires in module \axi4lite_regs..
Finding unused cells or wires in module \axi4lite_properties..
Finding unused cells or wires in module \axi4lite_assumption_audit..
Finding unused cells or wires in module \axi4lite_formal..

6.11. Executing MEMORY_COLLECT pass (generating $mem cells).

6.12. Executing OPT pass (performing simple optimizations).

6.12.1. Executing OPT_EXPR pass (perform const folding).
Optimizing module axi4lite_functional_properties.
Optimizing module axi4lite_regs.
Optimizing module axi4lite_properties.
Optimizing module axi4lite_assumption_audit.
Optimizing module axi4lite_formal.

6.12.2. Executing OPT_MERGE pass (detect identical cells).
Finding identical cells in module `\axi4lite_functional_properties'.
Computing hashes of 126 cells of `\axi4lite_functional_properties'.
Finding duplicate cells in `\axi4lite_functional_properties'.
Finding identical cells in module `\axi4lite_regs'.
Computing hashes of 132 cells of `\axi4lite_regs'.
Finding duplicate cells in `\axi4lite_regs'.
Finding identical cells in module `\axi4lite_properties'.
Computing hashes of 163 cells of `\axi4lite_properties'.
Finding duplicate cells in `\axi4lite_properties'.
Finding identical cells in module `\axi4lite_assumption_audit'.
Computing hashes of 34 cells of `\axi4lite_assumption_audit'.
Finding duplicate cells in `\axi4lite_assumption_audit'.
Finding identical cells in module `\axi4lite_formal'.
Computing hashes of 31 cells of `\axi4lite_formal'.
Finding duplicate cells in `\axi4lite_formal'.
Removed a total of 0 cells.

6.12.3. Executing OPT_CLEAN pass (remove unused cells and wires).
Finding unused cells or wires in module \axi4lite_functional_properties..
Finding unused cells or wires in module \axi4lite_regs..
Finding unused cells or wires in module \axi4lite_properties..
Finding unused cells or wires in module \axi4lite_assumption_audit..
Finding unused cells or wires in module \axi4lite_formal..

6.12.4. Finished fast OPT passes.

6.13. Executing SORT pass.

6.14. Printing statistics.

=== axi4lite_assumption_audit ===

        +----------Local Count, excluding submodules.
        | 
       39 wires
      119 wire bits
       13 public wires
       53 public wire bits
       12 ports
       52 port bits
       34 cells
        7   $check
        9   $dff
        4   $eq
        5   $logic_and
        3   $logic_not
        6   $mux

=== axi4lite_formal ===

        +----------Local Count, excluding submodules.
        | 
       31 wires
      104 wire bits
       20 public wires
       93 public wire bits
       28 cells
       10   $anyseq
        5   $check
        2   $dff
        1   $ff
        2   $logic_and
        5   $logic_not
        3   $mux
        3 submodules
        1   axi4lite_assumption_audit
        1   axi4lite_properties
        1   axi4lite_regs

=== axi4lite_functional_properties ===

        +----------Local Count, excluding submodules.
        | 
      133 wires
     1177 wire bits
       40 public wires
      430 public wire bits
       23 ports
      220 port bits
      126 cells
       16   $check
       14   $dff
       13   $eq
        7   $logic_and
       10   $logic_not
       63   $mux
        1   $pmux
        2   $reduce_or

=== axi4lite_properties ===

        +----------Local Count, excluding submodules.
        | 
      140 wires
      246 wire bits
       31 public wires
      104 public wire bits
       19 ports
       92 port bits
      163 cells
       42   $check
       12   $dff
        5   $eq
       22   $logic_and
       17   $logic_not
        5   $logic_or
       58   $mux
        1   $ne
        1   $reduce_bool

=== axi4lite_regs ===

        +----------Local Count, excluding submodules.
        | 
      130 wires
      997 wire bits
       28 public wires
      262 public wire bits
       19 ports
       92 port bits
      131 cells
       14   $dff
        6   $eq
       12   $logic_and
        6   $logic_not
       90   $mux
        1   $pmux
        2   $reduce_or
        1 submodules
        1   axi4lite_functional_properties

=== design hierarchy ===

        +----------Count including submodules.
        | 
      482 axi4lite_formal
       34 axi4lite_assumption_audit
      163 axi4lite_properties
      131 axi4lite_regs
      126   axi4lite_functional_properties

        +----------Count including submodules.
        | 
      473 wires
     2643 wire bits
      132 public wires
      942 public wire bits
       73 ports
      456 port bits
        - memories
        - memory bits
        - processes
      482 cells
       10   $anyseq
       70   $check
       51   $dff
       28   $eq
        1   $ff
       48   $logic_and
       41   $logic_not
        5   $logic_or
      220   $mux
        1   $ne
        2   $pmux
        1   $reduce_bool
        4   $reduce_or
        3 submodules
        1   axi4lite_assumption_audit
        1   axi4lite_properties
        1   axi4lite_regs

6.15. Executing CHECK pass (checking for obvious problems).
Checking module axi4lite_assumption_audit...
Checking module axi4lite_formal...
Checking module axi4lite_functional_properties...
Checking module axi4lite_properties...
Checking module axi4lite_regs...
Found and reported 0 problems.

7. Executing HIERARCHY pass (managing design hierarchy).
Attribute `top' found on module `axi4lite_formal'. Setting top module to axi4lite_formal.

7.1. Analyzing design hierarchy..
Top module:  \axi4lite_formal
Used module:     \axi4lite_assumption_audit
Used module:     \axi4lite_regs
Used module:         \axi4lite_functional_properties
Used module:     \axi4lite_properties

7.2. Analyzing design hierarchy..
Top module:  \axi4lite_formal
Used module:     \axi4lite_assumption_audit
Used module:     \axi4lite_regs
Used module:         \axi4lite_functional_properties
Used module:     \axi4lite_properties
Removed 0 unused modules.
Module axi4lite_assumption_audit directly or indirectly contains formal properties -> setting "keep" attribute.
Module axi4lite_formal directly or indirectly contains formal properties -> setting "keep" attribute.
Module axi4lite_functional_properties directly or indirectly contains formal properties -> setting "keep" attribute.
Module axi4lite_properties directly or indirectly contains formal properties -> setting "keep" attribute.
Module axi4lite_regs directly or indirectly contains formal properties -> setting "keep" attribute.

8. Executing jny backend.

9. Executing RTLIL backend.
Output filename: ../model/design.il

End of script. Logfile hash: 3844d23a7f, time: 0.07s, user: 0.06s, system: 0.01s, MEM: 30.45 MB peak
Yosys 0.67+31 (git sha1 22c15a7ec-dirty, Release, Clang /usr/local/osxcross/target/bin/aarch64-apple-darwin23.5-clang++ 18.1.8)
Time spent: 20% 1x proc_mux (0 sec), 14% 2x hierarchy (0 sec), ...
