
 /----------------------------------------------------------------------------\
 |  yosys -- Yosys Open SYnthesis Suite                                       |
 |  Copyright (C) 2012 - 2026  Claire Xenia Wolf <claire@yosyshq.com>         |
 |  Distributed under an ISC-like license, type "license" to see terms        |
 \----------------------------------------------------------------------------/
 Yosys 0.67+31 (git sha1 22c15a7ec-dirty, Release, Clang /usr/local/osxcross/target/bin/aarch64-apple-darwin23.5-clang++ 18.1.8)

-- Executing script file `design_prep.ys' --

1. Executing RTLIL frontend.
Input filename: design.il

2. Executing SCC pass (detecting logic loops).
Found 0 SCCs in module axi4lite_assumption_audit.
Found 0 SCCs in module axi4lite_formal.
Found 0 SCCs in module axi4lite_functional_properties.
Found 0 SCCs in module axi4lite_properties.
Found 0 SCCs in module axi4lite_regs.
Found 0 SCCs.

3. Executing SIMPLEMAP pass (map simple cells to gate primitives).

4. Executing MEMORY_NORDFF pass (extracting $dff cells from memories).

5. Executing CLK2FFLOGIC pass (convert clocked FFs to generic $ff cells).

5.1. Executing PEEPOPT pass (run peephole optimizers).
Replacing axi4lite_assumption_audit.$procdff$2149 ($dff): CLK=\aclk, D=1'1, Q=\f_past_valid
Replacing axi4lite_assumption_audit.$procdff$2150 ($dff): CLK=\aclk, D=\aresetn, Q=$past$axi4lite_assumption_audit.sv:24$39$0
Replacing axi4lite_assumption_audit.$procdff$2151 ($dff): CLK=\aclk, D=$0$past$axi4lite_assumption_audit.sv:26$40$0[0:0]$49, Q=$past$axi4lite_assumption_audit.sv:26$40$0
Replacing axi4lite_assumption_audit.$procdff$2152 ($dff): CLK=\aclk, D=\s_axi_awaddr, Q=$past$axi4lite_assumption_audit.sv:28$41$0
Replacing axi4lite_assumption_audit.$procdff$2153 ($dff): CLK=\aclk, D=$0$past$axi4lite_assumption_audit.sv:31$42$0[0:0]$51, Q=$past$axi4lite_assumption_audit.sv:31$42$0
Replacing axi4lite_assumption_audit.$procdff$2154 ($dff): CLK=\aclk, D=\s_axi_wdata, Q=$past$axi4lite_assumption_audit.sv:33$43$0
Replacing axi4lite_assumption_audit.$procdff$2155 ($dff): CLK=\aclk, D=\s_axi_wstrb, Q=$past$axi4lite_assumption_audit.sv:34$44$0
Replacing axi4lite_assumption_audit.$procdff$2156 ($dff): CLK=\aclk, D=$0$past$axi4lite_assumption_audit.sv:37$45$0[0:0]$54, Q=$past$axi4lite_assumption_audit.sv:37$45$0
Replacing axi4lite_assumption_audit.$procdff$2157 ($dff): CLK=\aclk, D=\s_axi_araddr, Q=$past$axi4lite_assumption_audit.sv:39$46$0
Replacing axi4lite_formal.$procdff$2158 ($dff): CLK=\aclk, D=1'1, Q=\f_past_valid
Replacing axi4lite_formal.$procdff$2159 ($dff): CLK=\aclk, D=\aresetn, Q=$past$axi4lite_formal.sv:100$10$0
Replacing axi4lite_functional_properties.$procdff$2079 ($dff): CLK=\aclk, D=1'1, Q=\f_past_valid
Replacing axi4lite_functional_properties.$procdff$2080 ($dff): CLK=\aclk, D=$0\model_aw_pending[0:0], Q=\model_aw_pending
Replacing axi4lite_functional_properties.$procdff$2081 ($dff): CLK=\aclk, D=$0\model_awaddr[3:0], Q=\model_awaddr
Replacing axi4lite_functional_properties.$procdff$2082 ($dff): CLK=\aclk, D=$0\model_w_pending[0:0], Q=\model_w_pending
Replacing axi4lite_functional_properties.$procdff$2083 ($dff): CLK=\aclk, D=$0\model_wdata[31:0], Q=\model_wdata
Replacing axi4lite_functional_properties.$procdff$2084 ($dff): CLK=\aclk, D=$0\model_wstrb[3:0], Q=\model_wstrb
Replacing axi4lite_functional_properties.$procdff$2085 ($dff): CLK=\aclk, D=$0\model_control[31:0], Q=\model_control
Replacing axi4lite_functional_properties.$procdff$2086 ($dff): CLK=\aclk, D=$0\model_status[31:0], Q=\model_status
Replacing axi4lite_functional_properties.$procdff$2087 ($dff): CLK=\aclk, D=$0\model_data0[31:0], Q=\model_data0
Replacing axi4lite_functional_properties.$procdff$2088 ($dff): CLK=\aclk, D=$0\model_data1[31:0], Q=\model_data1
Replacing axi4lite_functional_properties.$procdff$2089 ($dff): CLK=\aclk, D=$0\expected_read_valid[0:0], Q=\expected_read_valid
Replacing axi4lite_functional_properties.$procdff$2090 ($dff): CLK=\aclk, D=$0\expected_read_data[31:0], Q=\expected_read_data
Replacing axi4lite_functional_properties.$procdff$2091 ($dff): CLK=\aclk, D=$0\expected_read_resp[1:0], Q=\expected_read_resp
Replacing axi4lite_functional_properties.$procdff$2118 ($dff): CLK=\aclk, D=\aresetn, Q=$past$axi4lite_functional.sv:253$243$0
Replacing axi4lite_properties.$procdff$2137 ($dff): CLK=\aclk, D=1'1, Q=\f_past_valid
Replacing axi4lite_properties.$procdff$2138 ($dff): CLK=\aclk, D=$0\aw_seen[0:0], Q=\aw_seen
Replacing axi4lite_properties.$procdff$2139 ($dff): CLK=\aclk, D=$0\w_seen[0:0], Q=\w_seen
Replacing axi4lite_properties.$procdff$2140 ($dff): CLK=\aclk, D=$0\write_request_open[0:0], Q=\write_request_open
Replacing axi4lite_properties.$procdff$2141 ($dff): CLK=\aclk, D=$0\write_wait_cycle[0:0], Q=\write_wait_cycle
Replacing axi4lite_properties.$procdff$2142 ($dff): CLK=\aclk, D=$0\read_request_open[0:0], Q=\read_request_open
Replacing axi4lite_properties.$procdff$2143 ($dff): CLK=\aclk, D=\aresetn, Q=$past$axi4lite_properties.sv:99$76$0
Replacing axi4lite_properties.$procdff$2144 ($dff): CLK=\aclk, D=$0$past$axi4lite_properties.sv:138$77$0[0:0]$94, Q=$past$axi4lite_properties.sv:138$77$0
Replacing axi4lite_properties.$procdff$2145 ($dff): CLK=\aclk, D=\s_axi_bresp, Q=$past$axi4lite_properties.sv:140$78$0
Replacing axi4lite_properties.$procdff$2146 ($dff): CLK=\aclk, D=$0$past$axi4lite_properties.sv:144$79$0[0:0]$96, Q=$past$axi4lite_properties.sv:144$79$0
Replacing axi4lite_properties.$procdff$2147 ($dff): CLK=\aclk, D=\s_axi_rdata, Q=$past$axi4lite_properties.sv:146$80$0
Replacing axi4lite_properties.$procdff$2148 ($dff): CLK=\aclk, D=\s_axi_rresp, Q=$past$axi4lite_properties.sv:147$81$0
Replacing axi4lite_regs.$procdff$2119 ($dff): CLK=\aclk, D=$0\s_axi_rdata[31:0], Q=\s_axi_rdata
Replacing axi4lite_regs.$procdff$2120 ($dff): CLK=\aclk, D=$0\s_axi_rresp[1:0], Q=\s_axi_rresp
Replacing axi4lite_regs.$procdff$2121 ($dff): CLK=\aclk, D=$0\s_axi_rvalid[0:0], Q=\s_axi_rvalid
Replacing axi4lite_regs.$procdff$2122 ($dff): CLK=\aclk, D=$0\s_axi_bresp[1:0], Q=\s_axi_bresp
Replacing axi4lite_regs.$procdff$2123 ($dff): CLK=\aclk, D=$0\s_axi_bvalid[0:0], Q=\s_axi_bvalid
Replacing axi4lite_regs.$procdff$2124 ($dff): CLK=\aclk, D=$0\control_reg[31:0], Q=\control_reg
Replacing axi4lite_regs.$procdff$2125 ($dff): CLK=\aclk, D=$0\status_reg[31:0], Q=\status_reg
Replacing axi4lite_regs.$procdff$2126 ($dff): CLK=\aclk, D=$0\data0_reg[31:0], Q=\data0_reg
Replacing axi4lite_regs.$procdff$2127 ($dff): CLK=\aclk, D=$0\data1_reg[31:0], Q=\data1_reg
Replacing axi4lite_regs.$procdff$2128 ($dff): CLK=\aclk, D=$0\aw_pending[0:0], Q=\aw_pending
Replacing axi4lite_regs.$procdff$2129 ($dff): CLK=\aclk, D=$0\awaddr_hold[3:0], Q=\awaddr_hold
Replacing axi4lite_regs.$procdff$2130 ($dff): CLK=\aclk, D=$0\w_pending[0:0], Q=\w_pending
Replacing axi4lite_regs.$procdff$2131 ($dff): CLK=\aclk, D=$0\wdata_hold[31:0], Q=\wdata_hold
Replacing axi4lite_regs.$procdff$2132 ($dff): CLK=\aclk, D=$0\wstrb_hold[3:0], Q=\wstrb_hold

6. Executing OPT_CLEAN pass (remove unused cells and wires).
Finding unused cells or wires in module \axi4lite_assumption_audit..
Finding unused cells or wires in module \axi4lite_formal..
Finding unused cells or wires in module \axi4lite_functional_properties..
Finding unused cells or wires in module \axi4lite_properties..
Finding unused cells or wires in module \axi4lite_regs..
Removed 193 unused cells and 244 unused wires.
<suppressed ~198 debug messages>

7. Executing FORMALFF pass.

8. Executing OPT_CLEAN pass (remove unused cells and wires).
Finding unused cells or wires in module \axi4lite_assumption_audit..
Finding unused cells or wires in module \axi4lite_formal..
Finding unused cells or wires in module \axi4lite_functional_properties..
Finding unused cells or wires in module \axi4lite_properties..
Finding unused cells or wires in module \axi4lite_regs..
Removed 118 unused cells and 118 unused wires.
<suppressed ~120 debug messages>

9. Executing CHECK pass (checking for obvious problems).
Checking module axi4lite_assumption_audit...
Checking module axi4lite_formal...
Checking module axi4lite_functional_properties...
Checking module axi4lite_properties...
Checking module axi4lite_regs...
Found and reported 0 problems.

10. Executing SETUNDEF pass (replace undef values with defined constants).

11. Executing OPT pass (performing simple optimizations).

11.1. Executing OPT_EXPR pass (perform const folding).
Optimizing module axi4lite_assumption_audit.
<suppressed ~7 debug messages>
Optimizing module axi4lite_formal.
<suppressed ~4 debug messages>
Optimizing module axi4lite_functional_properties.
<suppressed ~16 debug messages>
Optimizing module axi4lite_properties.
<suppressed ~26 debug messages>
Optimizing module axi4lite_regs.

11.2. Executing OPT_MERGE pass (detect identical cells).
Finding identical cells in module `\axi4lite_assumption_audit'.
Computing hashes of 105 cells of `\axi4lite_assumption_audit'.
Finding duplicate cells in `\axi4lite_assumption_audit'.
Computing hashes of 86 cells of `\axi4lite_assumption_audit'.
Finding duplicate cells in `\axi4lite_assumption_audit'.
Computing hashes of 71 cells of `\axi4lite_assumption_audit'.
Finding duplicate cells in `\axi4lite_assumption_audit'.
Computing hashes of 67 cells of `\axi4lite_assumption_audit'.
Finding duplicate cells in `\axi4lite_assumption_audit'.
<suppressed ~114 debug messages>
Finding identical cells in module `\axi4lite_formal'.
Computing hashes of 57 cells of `\axi4lite_formal'.
Finding duplicate cells in `\axi4lite_formal'.
Computing hashes of 51 cells of `\axi4lite_formal'.
Finding duplicate cells in `\axi4lite_formal'.
Computing hashes of 46 cells of `\axi4lite_formal'.
Finding duplicate cells in `\axi4lite_formal'.
Computing hashes of 45 cells of `\axi4lite_formal'.
Finding duplicate cells in `\axi4lite_formal'.
<suppressed ~36 debug messages>
Finding identical cells in module `\axi4lite_functional_properties'.
Computing hashes of 264 cells of `\axi4lite_functional_properties'.
Finding duplicate cells in `\axi4lite_functional_properties'.
Computing hashes of 225 cells of `\axi4lite_functional_properties'.
Finding duplicate cells in `\axi4lite_functional_properties'.
Computing hashes of 196 cells of `\axi4lite_functional_properties'.
Finding duplicate cells in `\axi4lite_functional_properties'.
Computing hashes of 186 cells of `\axi4lite_functional_properties'.
Finding duplicate cells in `\axi4lite_functional_properties'.
<suppressed ~234 debug messages>
Finding identical cells in module `\axi4lite_properties'.
Computing hashes of 310 cells of `\axi4lite_properties'.
Finding duplicate cells in `\axi4lite_properties'.
Computing hashes of 256 cells of `\axi4lite_properties'.
Finding duplicate cells in `\axi4lite_properties'.
Computing hashes of 219 cells of `\axi4lite_properties'.
Finding duplicate cells in `\axi4lite_properties'.
Computing hashes of 209 cells of `\axi4lite_properties'.
Finding duplicate cells in `\axi4lite_properties'.
<suppressed ~303 debug messages>
Finding identical cells in module `\axi4lite_regs'.
Computing hashes of 188 cells of `\axi4lite_regs'.
Finding duplicate cells in `\axi4lite_regs'.
Computing hashes of 175 cells of `\axi4lite_regs'.
Finding duplicate cells in `\axi4lite_regs'.
Computing hashes of 162 cells of `\axi4lite_regs'.
Finding duplicate cells in `\axi4lite_regs'.
<suppressed ~78 debug messages>
Removed a total of 255 cells.

11.3. Executing OPT_DFF pass (perform DFF optimizations).

11.4. Executing OPT_CLEAN pass (remove unused cells and wires).
Finding unused cells or wires in module \axi4lite_assumption_audit..
Finding unused cells or wires in module \axi4lite_formal..
Finding unused cells or wires in module \axi4lite_functional_properties..
Finding unused cells or wires in module \axi4lite_properties..
Finding unused cells or wires in module \axi4lite_regs..
Removed 0 unused cells and 308 unused wires.
<suppressed ~5 debug messages>

11.5. Finished fast OPT passes.

12. Executing OPT_CLEAN pass (remove unused cells and wires).
Finding unused cells or wires in module \axi4lite_assumption_audit..
Finding unused cells or wires in module \axi4lite_formal..
Finding unused cells or wires in module \axi4lite_functional_properties..
Finding unused cells or wires in module \axi4lite_properties..
Finding unused cells or wires in module \axi4lite_regs..
Removed 0 unused cells and 2 unused wires.
<suppressed ~1 debug messages>

13. Executing RTLIL backend.
Output filename: ../model/design_prep.il

End of script. Logfile hash: 8231b4d04c, time: 0.03s, user: 0.03s, system: 0.00s, MEM: 22.52 MB peak
Yosys 0.67+31 (git sha1 22c15a7ec-dirty, Release, Clang /usr/local/osxcross/target/bin/aarch64-apple-darwin23.5-clang++ 18.1.8)
Time spent: 37% 4x opt_clean (0 sec), 9% 1x check (0 sec), ...
