
 /----------------------------------------------------------------------------\
 |  yosys -- Yosys Open SYnthesis Suite                                       |
 |  Copyright (C) 2012 - 2026  Claire Xenia Wolf <claire@yosyshq.com>         |
 |  Distributed under an ISC-like license, type "license" to see terms        |
 \----------------------------------------------------------------------------/
 Yosys 0.67+31 (git sha1 22c15a7ec-dirty, Release, Clang /usr/local/osxcross/target/bin/aarch64-apple-darwin23.5-clang++ 18.1.8)

-- Executing script file `design_smt2.ys' --

1. Executing RTLIL frontend.
Input filename: design_prep.il

2. Executing HIERARCHY pass (managing design hierarchy).
Attribute `top' found on module `axi4lite_formal'. Setting top module to axi4lite_formal.

2.1. Analyzing design hierarchy..
Top module:  \axi4lite_formal
Used module:     \axi4lite_assumption_audit
Used module:     \axi4lite_regs
Used module:         \axi4lite_functional_properties
Used module:     \axi4lite_properties

2.2. Analyzing design hierarchy..
Top module:  \axi4lite_formal
Used module:     \axi4lite_assumption_audit
Used module:     \axi4lite_regs
Used module:         \axi4lite_functional_properties
Used module:     \axi4lite_properties
Removed 0 unused modules.
Module axi4lite_assumption_audit directly or indirectly contains formal properties -> setting "keep" attribute.
Module axi4lite_formal directly or indirectly contains formal properties -> setting "keep" attribute.
Module axi4lite_functional_properties directly or indirectly contains formal properties -> setting "keep" attribute.
Module axi4lite_properties directly or indirectly contains formal properties -> setting "keep" attribute.
Module axi4lite_regs directly or indirectly contains formal properties -> setting "keep" attribute.

3. Executing FORMALFF pass.

4. Executing DFFUNMAP pass (unmap clock enable and synchronous reset from FFs).

5. Printing statistics.

=== axi4lite_assumption_audit ===

        +----------Local Count, excluding submodules.
        | 
       80 wires
      280 wire bits
       21 public wires
      101 public wire bits
       12 ports
       52 port bits
       67 cells
        3   $and
        8   $anyinit
        7   $assert
        4   $eq
        1   $eqx
       21   $ff
        5   $logic_and
        3   $logic_not
       15   $mux

=== axi4lite_formal ===

        +----------Local Count, excluding submodules.
        | 
       47 wires
      120 wire bits
       21 public wires
       94 public wire bits
       42 cells
        3   $and
        1   $anyinit
       10   $anyseq
        2   $assert
        2   $assume
        1   $eqx
       12   $ff
        1   $logic_and
        5   $logic_not
        5   $mux
        3 submodules
        1   axi4lite_assumption_audit
        1   axi4lite_properties
        1   axi4lite_regs

=== axi4lite_functional_properties ===

        +----------Local Count, excluding submodules.
        | 
      194 wires
     1624 wire bits
       43 public wires
      433 public wire bits
       23 ports
      220 port bits
      186 cells
        6   $and
        1   $anyinit
        2   $anyseq
       16   $assert
       13   $eq
        1   $eqx
       50   $ff
        7   $logic_and
       10   $logic_not
       77   $mux
        1   $pmux
        2   $reduce_or

=== axi4lite_properties ===

        +----------Local Count, excluding submodules.
        | 
      208 wires
      413 wire bits
       37 public wires
      143 public wire bits
       19 ports
       92 port bits
      209 cells
       16   $and
        6   $anyinit
       26   $assert
        5   $eq
        1   $eqx
       54   $ff
       12   $logic_and
       14   $logic_not
        5   $logic_or
       70   $mux

=== axi4lite_regs ===

        +----------Local Count, excluding submodules.
        | 
      160 wires
     1415 wire bits
       28 public wires
      262 public wire bits
       19 ports
       92 port bits
      161 cells
       14   $anyinit
        6   $eq
        1   $eqx
       15   $ff
       12   $logic_and
        6   $logic_not
      104   $mux
        1   $pmux
        2   $reduce_or
        1 submodules
        1   axi4lite_functional_properties

=== design hierarchy ===

        +----------Count including submodules.
        | 
      665 axi4lite_formal
       67 axi4lite_assumption_audit
      209 axi4lite_properties
      161 axi4lite_regs
      186   axi4lite_functional_properties

        +----------Count including submodules.
        | 
      689 wires
     3852 wire bits
      150 public wires
     1033 public wire bits
       73 ports
      456 port bits
        - memories
        - memory bits
        - processes
      665 cells
       28   $and
       30   $anyinit
       12   $anyseq
       51   $assert
        2   $assume
       28   $eq
        5   $eqx
      152   $ff
       37   $logic_and
       38   $logic_not
        5   $logic_or
      271   $mux
        2   $pmux
        4   $reduce_or
        3 submodules
        1   axi4lite_assumption_audit
        1   axi4lite_properties
        1   axi4lite_regs

6. Executing SMT2 backend.

6.1. Executing BMUXMAP pass.

6.2. Executing DEMUXMAP pass.
Creating SMT-LIBv2 representation of module axi4lite_properties.
Creating SMT-LIBv2 representation of module axi4lite_functional_properties.
Creating SMT-LIBv2 representation of module axi4lite_assumption_audit.
Creating SMT-LIBv2 representation of module axi4lite_regs.
Creating SMT-LIBv2 representation of module axi4lite_formal.

End of script. Logfile hash: dd37213301, time: 0.01s, user: 0.01s, system: 0.00s, MEM: 18.06 MB peak
Yosys 0.67+31 (git sha1 22c15a7ec-dirty, Release, Clang /usr/local/osxcross/target/bin/aarch64-apple-darwin23.5-clang++ 18.1.8)
Time spent: 71% 2x write_smt2 (0 sec), 18% 2x read_rtlil (0 sec), ...
